# callgrind format
version: 1
creator: callgrind-3.24.0
pid: 58332
cmd:  ./example2
part: 1


desc: I1 cache: 
desc: D1 cache: 
desc: LL cache: 

desc: Timerange: Basic block 0 - 39366
desc: Trigger: Program termination

positions: line
events: Ir
summary: 188901


ob=(3) ???
fl=(146) ???
fn=(540) 0x0000000004882500
0 42
cob=(2) /usr/lib/x86_64-linux-gnu/libc.so.6
cfi=(164) ./string/../sysdeps/x86_64/multiarch/strlen-sse2.S
cfn=(542) __strlen_sse2
calls=21 57 
0 447

fn=(454) 0x0000000004882730
0 40
cob=(1) /usr/lib/x86_64-linux-gnu/ld-linux-x86-64.so.2
cfi=(11) ./elf/./elf/dl-tunables.c
cfn=(28) __tunable_get_val
calls=20 438 
0 469

fn=(640) 0x00000000001091a0
0 16
cob=(2)
cfi=(184) ./stdio-common/./stdio-common/printf.c
cfn=(642) printf
calls=8 28 
0 25184

fn=(770) 0x000000000010bbe0
0 4

fn=(480) 0x0000000004841000
0 7

fn=(602) 0x0000000000109200
0 22
cob=(2)
cfi=(169) ./malloc/./malloc/malloc.c
cfn=(558) malloc
calls=11 3385 
0 2112

fn=(616) 0x0000000000109150
0 6
cob=(2)
cfi=(181) ./string/../sysdeps/x86_64/multiarch/strcpy-sse2.S
cfn=(618) __strcpy_sse2
calls=3 30 
0 212

fn=(714) 0x00000000001091c0
0 4
cob=(2)
cfi=(208) ./string/../sysdeps/x86_64/multiarch/strcmp-sse2.S
cfn=(716) __strcmp_sse2
calls=2 98 
0 109

fn=(754) 0x0000000000109120
0 2
cob=(2)
cfi=(215) ./stdlib/./stdlib/cxa_finalize.c
cfn=(756) __cxa_finalize
calls=1 45 
0 78

fn=(614) 0x0000000000109180
0 6
cob=(2)
cfi=(164)
cfn=(542)
calls=3 57 
0 51

fn=(620) 0x0000000004882430
0 24
cob=(2)
cfi=(182) ./string/../sysdeps/x86_64/multiarch/memmove-ssse3.S
cfn=(622) __mempcpy_ssse3
calls=12 43 
0 206

fn=(720) 0x0000000000109130
0 22
cob=(2)
cfi=(169)
cfn=(722) free
calls=11 3437 
0 816

fn=(494) 0x0000000004882670
0 2
cob=(2)
cfi=(153) ./string/../sysdeps/x86_64/multiarch/strrchr-sse2.S
cfn=(496) __strrchr_sse2
calls=1 45 
0 24

fn=(556) 0x00000000048823f0
0 2
cob=(2)
cfi=(169)
cfn=(558)
calls=1 3385 
0 1809

fn=(652) 0x0000000004882590
0 64
cob=(2)
cfi=(187) ./string/../sysdeps/x86_64/multiarch/strchr-sse2.S
cfn=(654) __strchrnul_sse2
calls=32 32 
0 672

fn=(790) 0x0000000004841294
0 4

fn=(512) 0x0000000000109000
0 7

fn=(536) 0x0000000000109160
0 10
cob=(2)
cfi=(163) ./libio/./libio/ioputs.c
cfn=(538) puts
calls=5 33 
0 10158

fn=(658) 0x00000000048826c0
0 144
cob=(2)
cfi=(182)
cfn=(624) __memcpy_ssse3
calls=72 56 
0 904

fn=(522) 0x00000000048827b0
0 2
cob=(1)
cfi=(47) ./elf/./elf/dl-audit.c
cfn=(524) _dl_audit_preinit
calls=1 118 
0 5

fn=(636) 0x00000000001091e0
0 16
cob=(2)
cfi=(182)
cfn=(624)
calls=8 56 
0 88

fn=(780) 0x0000000004841030
0 2
cob=(2)
cfi=(215)
cfn=(756)
calls=1 45 
0 78

ob=(5) /home/sony/My/liblista/examples/example2
fl=(180) /home/sony/My/liblista/auxiliares/verificaciones.c
fn=(600) verificar_puntero_no_nulo
12 372
+1 124
+4 62
+1 124

fn=(606) verificar_parametros_lista_doble
98 24
+1 12
cfn=(608) verificar_lista_doble_valida
calls=4 -47 
* 124
* 12
+4 20
cfn=(600)
calls=4 -91 
* 44
* 12
+4 4
+1 8

fn=(608)
52 45
+1 45
cfn=(600)
calls=9 -41 
* 99
* 27
+4 36
+13 9
+1 18

fn=(632) verificar_iterador_bi_valido
73 100
+1 100
cfn=(600)
calls=20 -62 
* 220
* 60
+4 80
+5 100
+12 20
+1 40

fl=(183) /home/sony/My/liblista/iterador_bi/iterador_bi.c
fn=(630) iterador_bi_tiene_siguiente
183 42
+1 21
cfi=(180)
cfn=(632)
calls=7 73 
* 252
* 56
cfi=(180)
cfn=(600)
calls=7 12 
* 77
* 21
+3 42
+1 7
+1 14

fn=(626) iterador_bi_crear
104 6
+1 3
cfi=(180)
cfn=(608)
calls=1 -53 
* 31
* 8
cfi=(180)
cfn=(600)
calls=1 -93 
* 11
* 3
+3 2
cob=(3)
cfi=(146)
cfn=(602)
calls=1 0 
* 194
* 3
+1 4
+4 5
+1 5
+1 4
+1 3
+1 5
+1 3
+1 3
+1 7
cfi=(179) /home/sony/My/liblista/lista_doble/lista_doble.c
cfn=(628) lista_doble_obtener_tamanio
calls=1 +91 
* 69
* 1
+1 2
+7 1
+1 2

fn=(706) iterador_bi_tiene_anterior
191 24
+1 12
cfi=(180)
cfn=(632)
calls=4 73 
* 144
* 32
cfi=(180)
cfn=(600)
calls=4 12 
* 44
* 12
+3 49
+1 1
+1 2
-2 9
+1 3
+1 6

fn=(728) iterador_bi_liberar
131 5
+1 5
cfi=(180)
cfn=(600)
calls=1 12 
* 11
* 9
cfi=(180)
cfn=(600)
calls=1 12 
* 11
* 3
+3 4
cob=(3)
cfi=(146)
cfn=(720)
calls=1 0 
* 68
+1 2
+3 1
+1 2

fn=(634) iterador_bi_siguiente
142 30
+1 15
cfi=(180)
cfn=(632)
calls=5 -70 
* 180
* 40
cfi=(180)
cfn=(600)
calls=5 12 
* 55
* 15
+3 20
+4 45
cob=(3)
cfi=(146)
cfn=(636)
calls=5 0 
* 65
+2 25
+1 25
+1 10
+1 5
+1 10

fn=(708) iterador_bi_anterior
158 18
+1 9
cfi=(180)
cfn=(632)
calls=3 -86 
* 108
* 24
cfi=(180)
cfn=(600)
calls=3 12 
* 33
* 9
+3 18
+4 12
+1 5
+3 6
+2 10
+2 12
+3 27
cob=(3)
cfi=(146)
cfn=(636)
calls=3 0 
* 39
+1 15
+1 6
+1 3
+1 6

fn=(726) iterador_bi_reiniciar
345 5
+1 3
cfi=(180)
cfn=(632)
calls=1 73 
* 36
* 3
+4 4
+1 2
+1 2
+3 1
+1 2

fl=(156) ???
fn=(718) liberar_persona
0 33
cob=(3)
cfi=(146)
cfn=(720)
calls=3 0 
0 204
0 9
cob=(3)
cfi=(146)
cfn=(720)
calls=3 0 
0 248
0 9

fn=(764) 0x0000000000001250
0 5

fn=(516) 0x0000000000001300
0 12

fn=(534) main
0 10
cob=(3)
cfi=(146)
cfn=(536)
calls=1 0 
0 4376
0 10
cfi=(179)
cfn=(598) lista_doble_crear_avanzado
calls=1 68 
0 261
0 56
cfi=(179)
cfn=(604) lista_doble_insertar_final
calls=3 117 
0 2728
0 23
cob=(3)
cfi=(146)
cfn=(536)
calls=1 0 
0 476
0 5
cfi=(183)
cfn=(626)
calls=1 104 
0 375
0 20
cfi=(183)
cfn=(630)
calls=4 183 
0 304
0 27
cfi=(183)
cfn=(634)
calls=3 142 
0 324
0 9
cfn=(638) imprimir_persona
calls=3 0 
0 9520
0 32
cfi=(183)
cfn=(706)
calls=4 191 
0 338
0 27
cfi=(183)
cfn=(708)
calls=3 158 
0 360
0 9
cfn=(638)
calls=3 0 
0 9520
0 22
cfi=(179)
cfn=(710) lista_doble_eliminar_valor
calls=1 161 
0 548
0 6
cob=(3)
cfi=(146)
cfn=(536)
calls=1 0 
0 2487
0 4
cob=(3)
cfi=(146)
cfn=(536)
calls=1 0 
0 2298
0 3
cfi=(183)
cfn=(726)
calls=1 345 
0 58
0 15
cfi=(183)
cfn=(630)
calls=3 183 
0 228
0 19
cfi=(183)
cfn=(634)
calls=2 142 
0 216
0 6
cfn=(638)
calls=2 0 
0 6320
0 12
cfi=(183)
cfn=(728)
calls=1 131 
0 121
0 3
cfi=(179)
cfn=(730) lista_doble_liberar
calls=1 93 
0 706
0 3
cob=(3)
cfi=(146)
cfn=(536)
calls=1 0 
0 531
0 6

fn=(638)
0 136
cob=(3)
cfi=(146)
cfn=(640)
calls=8 0 
0 25200
0 24

fn=(612) copiar_persona
0 27
cob=(3)
cfi=(146)
cfn=(602)
calls=3 0 
0 582
0 15
cob=(3)
cfi=(146)
cfn=(614)
calls=3 0 
0 57
0 9
cob=(3)
cfi=(146)
cfn=(602)
calls=3 0 
0 582
0 30
cob=(3)
cfi=(146)
cfn=(616)
calls=3 0 
0 218
0 33

fn=(712) comparar_persona
0 34
cob=(3)
cfi=(146)
cfn=(714)
calls=2 0 
0 113
0 4

fn=(504) (below main)
0 12
cob=(2)
cfi=(157) ./csu/../csu/libc-start.c
cfn=(506) __libc_start_main@@GLIBC_2.34
calls=1 242 
0 44251

fn=(748) 0x00000000000012c0
0 9
cob=(3)
cfi=(146)
cfn=(754)
calls=1 0 
0 80
0 1
cfn=(764)
calls=1 0 
0 5
0 3

fl=(179)
fn=(610) lista_doble_crear_nodo
9 18
+1 9
cfi=(180)
cfn=(608)
calls=3 +42 
* 93
* 24
cfi=(180)
cfn=(600)
calls=3 +2 
* 33
* 9
+3 6
cob=(3)
cfi=(146)
cfn=(602)
calls=3 -13 
* 582
* 3
+1 6
+5 12
+1 15
cfi=(156)
cfn=(612)
calls=3 -20 
* 1553
* 6
+1 12
+14 6
+1 6
+1 3
+1 6

fn=(604)
117 18
+1 15
cfi=(180)
cfn=(606)
calls=3 -20 
* 195
* 3
+1 6
+3 15
cfn=(610)
calls=3 9 
* 2402
* 3
+1 6
+3 12
+1 3
+1 4
+2 8
+1 8
+1 6
+2 10
+2 2
+1 4
-3 5
+2 1
+1 2

fn=(730)
93 5
+1 5
cfi=(180)
cfn=(600)
calls=1 -82 
* 11
* 9
cfi=(180)
cfn=(600)
calls=1 -82 
* 11
* 3
+3 4
+2 1
+1 6
+2 10
+1 14
cfi=(156)
cfn=(718)
calls=2 0 
* 350
* 2
+4 6
cob=(3)
cfi=(146)
cfn=(720)
calls=2 0 
* 182
+1 4
-9 6
+11 4
cob=(3)
cfi=(146)
cfn=(720)
calls=1 0 
* 68
+1 2
+3 1
+1 2

fn=(710)
161 6
+1 5
cfi=(180)
cfn=(606)
calls=1 -64 
* 65
* 1
+1 2
+3 4
+4 3
+1 1
+1 1
+2 8
+1 16
cfi=(156)
cfn=(712)
calls=2 0 
* 151
* 10
+4 4
+1 2
+6 4
+1 4
+1 4
+3 4
+3 4
+1 6
cfi=(156)
cfn=(718)
calls=1 0 
* 153
* 1
+4 3
cob=(3)
cfi=(146)
cfn=(720)
calls=1 0 
* 68
+1 5
+2 2
+2 2
+1 3
-33 4
+37 2

fn=(598)
68 9
+1 5
cfi=(180)
cfn=(600)
calls=1 -57 
* 11
* 3
+3 2
+4 2
cob=(3)
cfi=(146)
cfn=(602)
calls=1 -76 
* 194
* 3
+1 4
+4 3
+1 3
+1 3
+1 4
+1 4
+1 4
+1 4
+3 1
+1 2

fn=(628)
211 6
+1 3
cfi=(180)
cfn=(608)
calls=1 52 
* 31
* 8
cfi=(180)
cfn=(600)
calls=1 12 
* 11
* 3
+1 4
+1 1
+1 2

ob=(1)
fl=(25) ./elf/./elf/dl-environ.c
fn=(68) _dl_next_ld_env_entry
28 3
+1 3
+3 70
+13 60
-13 120
+2 124
+1 40
+5 2
-3 2
+3 2
+2 2

fl=(136) ./elf/../sysdeps/nptl/dl-mutex.c
fn=(428) __rtld_mutex_init
30 2
+10 3
-10 3
+10 1
-10 1
+10 1
-10 1
+7 1
+3 2
cfi=(137) ./elf/./elf/dl-lookup-direct.c
cfn=(430) _dl_lookup_direct
calls=1 +34 
* 187
+4 2
+1 8
+2 3
-2 1
+2 3
cfi=(137)
cfn=(430)
calls=1 +27 
* 160
+4 2
+1 7
+1 6

fl=(45) ./elf/../elf/dl-tls.c
fn=(414) _dl_tls_initial_modid_limit_setup
1117 1
+1 1
+3 4
+6 2
-6 3
+2 6
+1 4
+6 1
+1 1

fn=(244) _dl_tls_static_surplus_init
125 2
+3 1
-3 3
+3 1
-3 1
+3 1
-3 1
+3 1
-3 1
+3 1
cfi=(11)
cfn=(28)
calls=1 438 
* 23
* 1
+1 4
cfi=(11)
cfn=(28)
calls=1 438 
* 23
+1 1
+2 1
-3 1
+1 2
+2 3
+3 1
+2 1
-26 3
+28 3
+1 6

fn=(410) _dl_add_to_slotinfo
1156 1
+1 2
-1 7
+1 2
+8 1
+3 1
+1 1
+4 3
+36 2
+10 1
-1 1
+1 5
-7 2
+1 3
+2 2

fn=(142) _dl_count_modids
220 1
+2 2
+1 1
+15 2

fn=(250) _dl_allocate_tls_storage
509 7
fi=(73) ./elf/./dl-tls_block_align.h
23 1
fe=(45)
+68 1
515 3
fi=(28) ./elf/../include/rtld-malloc.h
56 1
cfi=(27) ./elf/./elf/dl-minimal-malloc.c
cfn=(76) __minimal_malloc
calls=1 -20 
* 85
fe=(45)
517 2
fi=(73)
41 2
+6 4
+5 1
fi=(28)
-8 1
fi=(73)
+3 1
+1 1
+4 304
fe=(45)
527 1
-70 1
+4 1
+1 1
fi=(28)
44 1
cfi=(27)
cfn=(72) __minimal_calloc
calls=1 +36 
* 41
fe=(45)
463 2
+3 1
+6 2
97 1
535 7

fn=(416) _dl_allocate_tls_init
595 10
+1 2
+4 2
+6 2
cfi=(24) ./elf/../sysdeps/nptl/dl-tls_init_tp.c
cfn=(84) rtld_mutex_dummy
calls=1 43 
* 3
+3 3
+12 1
-18 3
+42 1
-43 1
+43 4
-19 9
+9 3
+1 2
+6 3
+3 1
-2 1
+2 1
-2 1
+6 1
-4 3
+4 1
-4 2
+3 2
+4 2
+1 4
+2 2
+1 2
+19 1
-10 1
+10 1
+2 5
cfi=(29) ./string/../sysdeps/x86_64/multiarch/memmove-vec-unaligned-erms.S
cfn=(136) mempcpy
calls=1 197 
* 13
* 6
cfi=(42) ./string/../sysdeps/x86_64/multiarch/../multiarch/memset-vec-unaligned-erms.S
cfn=(124) memset
calls=1 137 
* 25
-51 1
+55 1
+4 1
-59 4
+6 7
+59 2
cfi=(24)
cfn=(84)
calls=1 43 
* 3
+3 1
+3 9

fn=(222) _dl_assign_tls_modid
153 1
+16 1
-13 1
-3 3
+3 1
+55 1
-2 1
+5 1
+1 2

fn=(246) _dl_determine_tlsoffset
243 6
+35 1
-35 2
+37 3
-34 1
-1 1
-1 2
+63 3
+3 1
-3 5
+2 2
+10 1
-4 1
-34 1
-1 2
+1 3
-1 6
+3 12
+4 1
-1 1
+5 1
-5 1
+1 1
-1 1
+3 2
+2 3
fi=(72) ./elf/../sysdeps/unix/sysv/linux/dl-extra_tls.h
32 3
+12 1
-12 2
cfi=(11)
cfn=(28)
calls=1 438 
* 24
+1 3
+4 10
+14 4
cfi=(11)
cfn=(28)
calls=1 438 
* 24
+1 3
fe=(45)
342 6
447 1
-94 1
+2 1
-2 2
+3 7
+2 2
+90 7
fi=(72)
54 1
fe=(45)
336 3
+6 3

fl=(71) ./elf/./elf/dl-version.c
fn=(238) _dl_check_map_versions
155 40
+15 12
+2 20
+2 4
+1 4
+2 8
+3 4
-16 4
+20 2
-4 2
-24 2
+28 16
+16 4
36 2
200 2
36 14
+1 5
-1 10
+2 21
cfi=(51) ./elf/./elf/dl-misc.c
cfn=(164) _dl_name_match_p
calls=7 +30 
* 620
* 16
208 6
+5 2
fi=(220) ./elf/../sysdeps/generic/_itoa.h
76 6
fe=(71)
213 4
+4 4
+1 4
-1 4
+4 2
-3 2
+3 2
-3 6
-1 12
+1 12
-1 12
+4 6
-3 6
+3 6
-3 38
56 32
+8 24
+6 24
+16 8
+1 16
+2 8
+5 56
+14 162
+12 219
+4 73
-30 146
231 32
+3 24
+5 6
-24 6
110 8
+3 40
cfi=(32) ./string/../sysdeps/x86_64/multiarch/../multiarch/strcmp-sse2.S
cfn=(92) strcmp
calls=8 -15 
* 314
* 24
224 24
+4 4
+15 6
+14 10
+3 4
+3 14
+3 10
+4 2
-7 8
+3 6
+4 45
-7 180
+3 137
+8 6
+6 6
fi=(28)
44 3
fe=(71)
280 6
fi=(28)
44 3
cfi=(27)
cfn=(72)
calls=3 +36 
* 123
fe=(71)
281 6
-2 3
fi=(28)
44 3
fe=(71)
281 3
+13 3
-3 3
+3 12
+2 6
+3 10
+4 6
+7 8
+1 8
-1 24
+1 8
+1 8
-2 8
+2 16
+1 24
+3 24
+5 6
-15 6
+2 6
-2 6
+2 6
-2 6
+2 12
-2 2
+2 2
-2 2
+2 2
-2 2
+2 4
+16 6
+10 4
+3 4
+4 47
+6 47
+1 47
+1 47
-1 141
+1 47
-1 47
+1 47
+1 47
+3 141
+4 47
-14 98
+10 6
+12 4
+1 4
+1 4
+1 2
+19 36
164 2
-8 2
257 5
+77 2
-40 2
-20 3
+96 4
+2 4
+4 2
-4 120
+1 60
+2 1
+1 2
-1 1
+1 1
cfi=(32)
cfn=(240) strncmp
calls=1 98 
* 32
* 2

fn=(236) _dl_check_all_versions
392 7
+4 5
-2 3
+4 24
cfn=(238)
calls=4 155 
* 4128
-2 4
+1 4
-1 8
+5 7

fl=(30) ./elf/./elf/dl-load.c
fn=(192) _dl_notify_new_object
908 8
+2 2
-2 10
+2 2
cfi=(44) ./elf/./elf/dl-debug.c
cfn=(194) _dl_debug_update
calls=2 38 
* 14
* 2
+1 6
+22 14
-4 4
+7 2
-2 4
+2 8
-2 2
cfi=(47)
cfn=(196) _dl_audit_objopen
calls=2 77 
* 10

fn=(172) _dl_map_object_from_fd
949 20
+15 2
-15 4
+15 2
-15 4
+15 4
+79 8
+10 4
+7 14
cfi=(26) ./elf/./elf/dl-object.c
cfn=(70) _dl_new_object
calls=2 59 
* 861
* 2
+1 4
+11 2
+1 2
-1 2
+2 2
+3 2
-1 2
-2 2
+2 4
+1 6
+1 2
+19 2
-2 1
+2 12
-2 1
+2 28
+10 2
-10 2
+10 6
+27 2
-33 2
-3 2
+2 2
-1 2
+35 2
+9 2
-50 2
+41 2
+9 2
-36 2
+63 10
-62 98
+26 56
+8 16
+1 8
-1 8
+1 32
+1 8
-1 8
+1 8
+2 8
-2 8
+2 8
+2 8
-4 8
+1 8
+3 8
-4 8
+4 40
+2 16
+13 34
+6 6
+1 54
-28 12
-35 18
+62 2
+1 18
-28 4
-35 57
+1 135
1220 2
1107 2
1220 4
1107 6
1225 14
+10 8
+1 2
-1 2
+1 2
-1 6
+1 6
-1 6
+1 6
-1 18
1073 4
1242 4
+10 8
+7 8
fi=(58) ./elf/./dl-map-segments.h
28 2
fe=(30)
1259 6
fi=(58)
28 4
+1 16
cfi=(56) ./misc/../sysdeps/unix/sysv/linux/mmap64.c
cfn=(178) mmap
calls=2 +18 
* 56
+73 4
-1 2
-72 2
+73 2
+3 4
+1 2
+2 2
-3 2
+1 2
+2 2
+17 2
-44 2
fi=(59) ./elf/./dl-load.h
+10 16
fi=(58)
+58 32
+6 2
+2 2
-2 2
+3 2
-2 2
+2 2
-1 4
+3 6
+5 4
+3 6
+8 14
cfi=(42)
cfn=(124)
calls=2 -39 
* 287
* 4
+6 4
+12 8
-59 48
+2 24
+2 48
cfi=(56)
cfn=(178)
calls=6 -92 
* 126
* 12
fe=(30)
1271 2
fi=(55) ./elf/../sysdeps/posix/dl-fileid.h
37 4
cfi=(54) ./io/../sysdeps/unix/sysv/linux/fstat64.c
cfn=(174) fstat
calls=2 -7 
* 12
* 4
fe=(30)
994 2
fi=(55)
40 2
fe=(30)
994 6
fi=(55)
40 2
fe=(30)
994 27
+1 10
fi=(55)
49 12
fe=(30)
1468 18
1081 13
+1 2
-1 1
+1 1
-1 1
+1 1
cfi=(68) ./io/../sysdeps/unix/sysv/linux/pread64_nocancel.c
cfn=(220) __pread64_nocancel
calls=1 25 
* 7
* 2
+46 2
+1 1
-15 4
+7 2
+2 2
-2 2
+1 2
+1 2
-1 4
+1 16
+60 3
+5 1
-1 2
+5 1
-5 2
-66 1
+71 4
+1 1
+3 1
-3 1
+8 4
+15 4
+1 2
1013 4
1275 8
+1 6
fi=(60) ./elf/./elf/get-dynamic-info.h
39 4
+6 2
-2 2
+11 2
+1 2
-10 4
+8 3
+15 3
-23 12
+23 44
-23 176
+4 94
+3 13
-1 26
+3 40
+1 32
fi=(59)
+37 4
+2 1
-1 1
+1 1
-1 1
+1 1
-1 1
+1 1
-1 2
+3 4
fi=(60)
-40 10
+3 8
+13 8
+12 7
+1 8
+1 8
+1 8
+1 7
+1 7
+1 7
+1 8
+12 2
+7 2
-7 14
+7 4
+5 2
+7 2
+1 6
+6 6
+1 3
+17 6
+5 2
+2 2
+2 2
+2 2
+1 1
+3 6
+2 6
+1 4
+9 4
+6 4
+1 2
+3 4
fe=(30)
1282 4
+1 4
+2 4
+10 6
+19 6
+2 12
+20 6
+1 2
+6 14
+1 42
+6 8
cfn=(86) _dl_process_pt_gnu_property
calls=2 842 
* 152
-7 56
+1 27
+6 27
-6 54
fi=(31) ./elf/../sysdeps/x86/dl-prop.h
149 12
fe=(30)
1081 2
1355 4
cfi=(61) ./io/../sysdeps/unix/sysv/linux/close_nocancel.c
cfn=(190) __GI___close_nocancel
calls=2 25 
* 12
* 4
+13 4
+2 8
+2 4
+16 4
cfi=(8) ./elf/./elf/dl-setup_hash.c
cfn=(14) _dl_setup_hash
calls=2 25 
* 56
+4 4
+1 4
+17 4
+1 1
+3 1
+5 1
-5 1
+5 1
-5 1
+5 1
-5 1
+5 1
+5 4
+12 16
+10 4
+1 4
+5 2
cfi=(45)
cfn=(222)
calls=1 153 
* 12
+7 6
cfi=(26)
cfn=(82) _dl_add_to_namespace_list
calls=2 31 
* 106
+3 4
+3 8
cfn=(192)
calls=2 908 
* 88
+2 2
fi=(58)
186 8
cfi=(56)
cfn=(178)
calls=1 47 
* 21
+3 2
fe=(30)
1437 6
+2 1
-1 5
+1 1
-1 1
+1 1
-1 1
cfi=(32)
cfn=(92)
calls=1 98 
* 68
* 2
+2 5
fi=(60)
62 8
+2 8
fe=(30)

fn=(202) _dl_dst_count
228 4
+3 2
-3 10
+7 2
-7 4
+3 2
cfi=(41) ./string/../sysdeps/x86_64/multiarch/../multiarch/strchr-sse2.S
cfn=(116) index
calls=2 32 
* 72
+3 4
+20 18

fn=(206) open_path
1759 8
+1 1
-1 3
+1 1
+6 2
+5 18
+57 1
-64 2
+7 1
-8 1
+65 2
-54 2
+8 6
+7 4
+1 1
-1 1
cfi=(29)
cfn=(136)
calls=1 197 
* 13
* 1
-11 2
+11 1
+1 7
+3 2
+5 7
cfi=(29)
cfn=(136)
calls=1 197 
* 13
* 4
cfi=(29)
cfn=(136)
calls=1 197 
* 13
+3 2
+6 3
+3 7
cfn=(166) open_verify.constprop.0
calls=1 1521 
* 56
* 1
+2 3
+95 9
1790 2
+94 9
+6 2
-2 2
+2 2
+3 3
1769 2
+45 2
+5 2
+1 8
+6 1
+2 2
-2 2
+2 1
cfi=(64) ./io/../sysdeps/unix/sysv/linux/stat64.c
cfn=(208) stat
calls=1 28 
* 14
* 1
+3 1
-3 2
+1 5
+4 3
-43 2
-19 2

fn=(162) _dl_map_object
1914 36
+8 6
+1 12
+3 51
+5 49
+2 21
cfi=(51)
cfn=(164)
calls=7 68 
* 689
* 14
+4 12
+1 18
+4 2
-1 10
+1 2
+1 2
-1 2
+1 4
cfi=(32)
cfn=(92)
calls=2 98 
* 50
* 4
2203 29
1958 6
-1 4
+12 2
-5 2
-48 2
+53 4
+14 6
cfi=(41)
cfn=(116)
calls=2 32 
* 48
* 4
2135 2
-1 3
cfn=(130) expand_dynamic_string_token
calls=1 375 
* 175
+6 1
-7 1
+1 1
+2 2
+4 7
cfn=(166)
calls=1 1521 
* 108
+3 2
-3 1
+3 1
+12 8
+45 2
+1 10
-1 2
+1 16
cfn=(172)
calls=2 949 
* 4426
* 6
1987 2
cfi=(22) ./string/../sysdeps/x86_64/multiarch/../multiarch/strlen-sse2.S
cfn=(60) strlen
calls=1 57 
* 17
* 2
+2 2
+7 4
+51 13
cfn=(206)
calls=1 1759 
* 268
+6 1
-6 1
+6 2
656 1
2054 1
656 2
2068 2
cfi=(66) ./elf/./elf/dl-cache.c
cfn=(212) _dl_load_cache_lookup
calls=1 387 
* 1360
* 1
+2 2
+4 2
+31 1
-23 2
+23 7
cfn=(166)
calls=1 1521 
* 139
+4 2
-4 1
+4 1
+1 1
+17 2
2021 1
+1 1
656 5
2046 2
+1 2
-47 1
+1 1
670 5
2005 3
656 1
2006 1
656 2
2020 5
+1 7
+41 2
+2 3
-33 3

fn=(130)
375 18
231 4
375 2
231 2
cfi=(41)
cfn=(116)
calls=2 32 
* 72
+3 4
400 2
-11 2
+11 12
-11 2
cfi=(43) ./string/./string/strdup.c
cfn=(132) strdup
calls=2 40 
* 180

fn=(166)
1521 30
+32 3
-32 6
+32 6
+19 12
cfi=(52) ./io/../sysdeps/unix/sysv/linux/open64_nocancel.c
cfn=(168) __open_nocancel
calls=3 28 
* 63
* 3
+2 6
+8 2
+1 4
+5 2
-5 2
+5 12
cfi=(53) ./io/../sysdeps/unix/sysv/linux/read_nocancel.c
cfn=(170) __read_nocancel
calls=2 25 
* 12
+4 2
-2 4
+2 4
+2 4
+6 4
+15 26
+81 4
+5 4
+6 8
+6 4
+6 2
+1 2
-1 6
+1 6
+26 27
-22 13
+1 2
-1 1
+1 1
cfi=(68)
cfn=(220)
calls=1 25 
* 7
* 2
1558 2
+57 3
1724 2

fn=(86)
842 3
+8 3
-8 3
+8 3
-6 3
+12 6
-13 3
+13 3
-13 3
+13 6
+3 9
+1 6
+1 6
+3 9
+1 9
+4 3
+1 6
+22 9
+2 12
-20 10
+1 5
+3 10
+3 5
+1 20
fi=(31)
95 20
+7 10
+16 5
-3 10
252 4
+5 2
-4 2
+4 6
+3 2
-6 6
+1 3
+2 12
+3 4
fe=(30)

fn=(126) fillin_rpath.isra.0
442 9
+4 1
-4 9
+6 3
cfi=(7) ./elf/./elf/dl-minimal.c
cfn=(128) strsep
calls=1 239 
* 239
* 3
cfi=(7)
cfn=(128)
calls=1 239 
* 8
* 6
+7 2
+2 3
cfn=(130)
calls=1 -82 
* 125
* 1
+4 2
+5 2
cfi=(22)
cfn=(60)
calls=1 57 
* 17
* 1
+1 2
+7 5
+9 15
+1 8
fi=(28)
50 2
cfi=(27)
cfn=(138) __minimal_free
calls=1 +47 
* 5
+1 1
fe=(30)
502 4
+4 4
fi=(28)
56 1
cfi=(27)
cfn=(76)
calls=1 -20 
* 30
* 1
fe=(30)
508 2
+5 1
+1 2
-1 1
-1 1
+2 1
cfi=(29)
cfn=(136)
calls=1 197 
* 13
+3 1
-3 1
+1 1
+2 1
+6 1
+1 1
-1 3
+1 5
+1 1
-1 1
+1 1
-1 2
+3 2
+1 3
+1 1
+6 2
+1 1
+3 3
-60 2
-22 2
+88 1
+3 8
-24 2

fn=(104) _dl_init_paths
680 11
+14 1
-14 2
+14 2
cfi=(37) ./elf/./elf/dl-hwcaps.c
cfn=(106) _dl_important_hwcaps
calls=1 172 
* 902
fi=(28)
56 1
fe=(30)
694 1
fi=(28)
56 1
cfi=(27)
cfn=(76)
calls=1 -20 
* 30
fe=(30)
699 1
+2 3
+8 2
-1 3
+5 3
fi=(28)
56 1
cfi=(27)
cfn=(76)
calls=1 -20 
* 30
fe=(30)
713 1
+2 4
+7 1
+8 1
+2 1
+12 2
-23 1
+9 1
+11 1
-4 1
-5 1
+3 2
+7 2
+2 2
-11 1
+11 3
-8 1
+4 1
+1 3
+1 16
cfi=(42)
cfn=(124)
calls=4 137 
* 64
+2 15
-14 3
+10 3
+4 9
-12 3
-2 3
+2 3
+4 3
-3 3
+3 3
+1 3
-2 3
+5 9
+1 6
+3 1
+15 1
-8 1
+5 1
-6 1
+9 2
+2 4
+2 3
+36 5
+2 2
cfi=(22)
cfn=(60)
calls=1 57 
* 17
* 9
-19 1
-2 1
+2 2
+19 9
cfi=(29)
cfn=(80) memcpy
calls=1 210 
* 11
* 1
+5 4
-1 2
+2 1
+1 2
-2 4
+1 13
+1 26
-2 52
+5 1
fi=(28)
56 1
cfi=(27)
cfn=(76)
calls=1 -20 
* 30
fe=(30)
810 1
fi=(28)
56 1
fe=(30)
812 2
+6 6
cfn=(126)
calls=1 442 
* 576
+3 3
+6 1
+4 8
-35 2
+5 2

fl=(49) ./elf/./elf/dl-catch.c
fn=(154) _dl_catch_error
258 6
+2 1
-2 6
+2 1
cfn=(156) _dl_catch_exception
calls=1 -52 
* 2733
+1 2
+1 1
+1 1
-1 1
+1 1
+2 6

fn=(156)
208 18
58 3
208 6
+3 6
+22 3
-1 3
+1 3
58 6
239 9
cfi=(50) ./setjmp/../sysdeps/x86_64/setjmp.S
cfn=(158) __sigsetjmp
calls=3 31 
* 72
* 9
+2 9
cfi=(63) ./elf/./elf/dl-deps.c
cfn=(204) openaux
calls=2 61 
* 5145
cfi=(2) ./elf/./elf/rtld.c
cfn=(160) map_doit
calls=1 641 
* 2667
69 3
+1 3
-1 3
+1 3
243 12
-25 3
+34 9
59 6
+11 9

fn=(232) _dl_receive_error
190 2
58 1
190 4
+2 1
-2 1
58 1
+1 1
+11 1
196 1
+2 1
cfi=(2)
cfn=(234) version_check_doit
calls=1 674 
* 4205
69 2
+1 1
202 1
-1 1
+1 3

fl=(52)
fn=(168)
28 8
+3 4
-3 8
+3 24
+8 28
+2 6
-2 3
+2 2

fl=(56)
fn=(178)
47 12
+3 24
-3 72
+6 24
+5 72
+2 48
-7 29

fl=(76) ./elf/../sysdeps/x86_64/dl-cet.c
fn=(472) _dl_cet_setup_features
331 1
+3 2
+16 1

fn=(260) _dl_cet_check
361 9
-76 1
-10 2
+2 2
-1 1
+6 1
+3 1
+8 1
-11 1
+1 1
-1 1
+1 1
-1 1
+1 1
+10 4
+9 1
-2 1
+4 1
-8 1
+6 1
-2 2
+4 1
-4 1
+4 4
+9 2
157 2
-12 2
+12 2
+22 1
363 7

fl=(42)
fn=(124)
137 8
+1 40
+5 8
+1 8
+3 3
+1 3
+2 1
+1 1
+1 1
+84 2
+1 2
+12 2
+3 2
+1 2
+12 2
+1 2
+13 2
+1 2
+2 2
+3 1
+3 2
+3 1
+1 1
+1 1
+1 1
+1 1
+1 1
+1 1
-6 34
+1 34
+1 34
+1 34
+1 34
+1 34
+1 34
+3 2
+1 2
+1 2
+1 2
+5 2
+46 5
+2 5
+1 5
+1 4
+1 4
+37 1
+1 1
+2 1
+11 4
+1 4
+2 4

fl=(137)
fn=(430)
74 30
+2 3
-2 9
+2 3
+2 9
+37 3
-37 9
+1 6
+2 15
+3 25
+2 6
-54 3
+54 3
-54 3
+54 3
-54 9
+1 9
+2 6
+1 6
+12 12
+3 3
+2 3
-2 3
+2 9
cfi=(32)
cfn=(92)
calls=3 +45 
* 182
* 6
+4 6
+1 3
-1 3
+1 18
+1 9
cfi=(32)
cfn=(92)
calls=3 +39 
* 75
* 6
+57 27
-23 6

fl=(140) ./elf/./elf/dl-call-libc-early-init.c
fn=(442) _dl_call_libc_early_init
27 1
+2 2
-2 1
+6 3
-6 3
+6 1
-6 2
+6 1
cfi=(137)
cfn=(430)
calls=1 +41 
* 184
+4 2
+2 3
+2 1
-1 1
-1 1
+2 2
-1 1
cob=(2)
cfi=(141) ./elf/./elf/libc_early_init.c
cfn=(444) __libc_early_init
calls=1 -6 
* 372

fl=(69) ./malloc/./malloc/scratch_buffer_set_array_size.c
fn=(224) __libc_scratch_buffer_set_array_size
30 26
+4 2
+1 4
+10 4
+18 2
-17 2
+17 10

fl=(38) ./elf/../sysdeps/x86_64/dl-hwcaps-subdirs.c
fn=(108) _dl_hwcaps_subdirs_active
29 1
fi=(19) ./elf/../sysdeps/x86/get-isa-level.h
+2 1
fe=(38)
+7 1
fi=(19)
-8 4
fe=(38)
+22 1
fi=(19)
-20 3
+4 1
fe=(38)
+2 1
fi=(19)
-2 2
+3 4
+1 4
+5 1
fe=(38)
-7 1
fi=(19)
+7 3
fe=(38)

fl=(9) ./elf/../sysdeps/unix/sysv/linux/dl-sysdep.c
fn=(460) _dl_sysdep_start_cleanup
148 1
+1 1

fn=(18) _dl_sysdep_parse_arguments
79 1
+2 1
-2 8
+1 1
+1 1
-1 1
+2 2
+2 1
-2 1
+2 1
-1 62
+1 124
+7 56
fi=(10) ./elf/../sysdeps/unix/sysv/linux/dl-parse_auxv.h
-49 1
fe=(9)
+45 1
fi=(10)
-54 1
fe=(9)
+54 1
fi=(10)
-54 1
+1 1
+1 1
+7 3
+1 44
+1 22
-2 22
+2 22
-2 66
+13 1
+10 1
+2 1
fe=(9)
+28 1
-1 1
fi=(10)
-39 1
+2 2
fe=(9)
+38 1
fi=(10)
-38 1
+8 1
fe=(9)
+31 1
fi=(10)
-31 1
-18 1
+1 2
+17 1
+2 1
-18 1
+1 1
+1 1
+16 1
-15 1
+1 1
+1 1
+13 1
-18 1
+6 1
-5 1
+5 1
+2 1
-6 1
+6 1
fe=(9)
+38 1
fi=(10)
-43 1
-4 1
+5 1
+1 1
-8 1
+21 1
-20 1
+18 1
fe=(9)
+29 1
+1 1
+1 1
+1 8

fn=(16) _dl_sysdep_start
103 5
+4 1
-4 1
+1 1
+3 1
cfn=(18)
calls=1 -28 
* 499
+4 2
cfi=(11)
cfn=(22) __GI___tunables_init
calls=1 294 
* 18448
+3 1
cfi=(13) ./elf/./elf/dl-sort-maps.c
cfn=(26) _dl_sort_maps_init
calls=1 289 
* 38
+2 2
cfi=(14) ./elf/../sysdeps/unix/sysv/linux/brk.c
cfn=(30) brk
calls=1 -80 
* 8
fi=(6) ./elf/../sysdeps/x86_64/dl-machine.h
+93 1
cfi=(15) ./elf/../sysdeps/x86/dl-get-cpu-features.c
cfn=(34) _dl_x86_init_cpu_features
calls=1 37 
* 12275
fe=(9)
-86 3
+1 1
cfi=(22)
cfn=(60)
calls=1 -67 
* 33
* 1
+2 2
cfi=(23) ./elf/../misc/sbrk.c
cfn=(62) sbrk
calls=1 -89 
* 16
* 3
+12 3
+3 5
cfi=(2)
cfn=(64) dl_main
calls=1 1306 
* 112177
+3 4

fl=(149) ./elf/./elf/dl-init.c
fn=(478) call_init.part.0
26 48
+17 4
+3 4
-3 8
+3 8
+5 6
+8 9
+1 6
cob=(3)
cfi=(146)
cfn=(480)
calls=1 -60 
* 7
+3 3
+1 6
+6 4
+2 4
-2 2
+3 14
+1 8
cob=(2)
cfi=(155) ./libio/./libio/stdfiles.c
cfn=(500) _IO_stdfiles_init
calls=1 -10 
* 22
cob=(2)
cfi=(154) ./libio/./libio/vtables.c
cfn=(498) check_stdfiles_vtables
calls=1 545 
* 12
* 8
cob=(2)
cfi=(151) ./csu/./csu/init-first.c
cfn=(490) _init_first
calls=1 -28 
* 74
cob=(4) /usr/libexec/valgrind/vgpreload_core-amd64-linux.so
cfi=(150) ???
cfn=(484) 0x0000000000001110
calls=1 -74 
* 12
-1 12
+3 32
-29 2

fn=(476) _dl_init
81 13
+1 1
+1 1
+3 3
+8 2
+25 1
+1 8
+1 8
-92 8
+6 12
+2 17
+83 6
cfn=(478)
calls=3 -94 
* 238
* 6
+7 8
-98 2
+60 2
-54 3
+2 7
cfn=(478)
calls=1 -11 
* 77
* 2

fl=(29)
fn=(136)
197 7
+1 7
+1 7
+1 7
+17 7
+1 7
+2 3
+1 3
+1 3
+2 2
+1 2
+1 2
+2 2
+80 4
+1 4
+2 1
+4 1
+1 1
+1 1
+8 1
+39 3
+1 3
+1 3
+1 3
+1 3
+7 1
+1 1
+1 1
+1 1
+1 1
+1 1
+1 1
+11 1
+1 1
+2 1
+1 1
+1 1

fn=(80)
210 17
+1 17
+6 17
+1 17
+2 10
+1 10
+1 10
+2 7
+1 7
+1 7
+2 7
+80 7
+1 7
+2 1
+4 1
+1 1
+1 1
+1 1
+1 1
+4 1
+2 1
+39 6
+1 6
+1 6
+1 6
+1 6
+7 3
+1 3
+1 3
+1 3
+1 3
+1 3
+1 3
+11 3
+1 3
+2 3
+1 3
+1 3

fl=(50)
fn=(158)
31 3
+2 3
+9 3
+1 6
+1 3
+4 3
+1 3
+1 3
+1 3
+1 3
+2 6
+2 3
+1 3
+1 3
+2 6
+2 3
+8 3
+3 3
+1 3
+7 3
+1 3

fl=(57) ./misc/../sysdeps/unix/sysv/linux/setvmaname.c
fn=(180) __set_vma_name
33 2
+2 7
-2 4
+7 1
-7 2
+7 1
-7 2
+7 1
-7 1
+7 1
cfi=(11)
cfn=(28)
calls=1 438 
* 24
* 3
+7 1
+2 6

fl=(16) ./elf/../sysdeps/x86/cpu-features.c
fn=(42) update_active.constprop.0
87 8
+4 1
+19 1
+9 1
+9 1
-28 1
-1 1
+25 1
-23 1
-1 1
-1 1
+19 1
+9 1
-28 1
+25 1
-23 1
+17 1
-18 1
+18 1
-9 1
+18 1
-3 1
+7 1
-22 1
+18 1
+4 2
-22 1
+22 1
-13 1
+6 1
+3 1
+4 1
+1 1
+5 1
+7 1
-8 1
-4 1
+7 1
-2 2
+1 1
-2 1
+3 1
-3 1
+2 2
+5 1
+2 1
-2 2
-7 1
+7 2
+1 1
+1 1
-1 2
+1 1
-1 1
+3 2
+1 4
+14 2
425 2
+4 3
fi=(18) ./elf/../sysdeps/unix/sysv/linux/x86/dl-hwcap2.h
25 2
fi=(19)
+5 1
-2 1
+2 3
fe=(16)
438 1
+1 8
fi=(19)
32 3
+4 3
+3 2
+1 4
-2 1
+7 4
fe=(16)

fn=(36) init_cpu_features.constprop.0
751 1
+23 1
-23 7
+3 1
+9 1
-8 1
+1 1
+9 1
+9 2
+3 6
+6 6
cfn=(38) get_common_indices.constprop.0
calls=1 467 
* 59
445 3
+1 2
+1 6
+5 2
788 1
cfn=(42)
calls=1 87 
* 113
+4 1
fi=(20) ./elf/../sysdeps/x86/dl-cacheinfo.h
1048 1
fe=(16)
795 1
+2 1
-4 1
fi=(20)
1048 1
fe=(16)
1151 1
793 1
1141 1
793 2
+2 2
fi=(20)
966 3
fe=(16)
+7 2
+2 2
+4 2
+6 2
1141 1
781 1
1141 1
fi=(20)
999 6
fe=(16)
778 1
1133 3
+1 2
+3 2
+1 2
+3 2
+1 2
+6 1
+1 1
+1 1
+1 1
fi=(20)
834 1
+1 1
+1 1
+14 2
953 1
+16 1
-11 1
+6 1
-2 1
+7 1
-16 1
+1 1
+15 1
+31 1
-41 1
-5 1
+1 1
+5 1
-5 1
+1 1
+5 1
-5 1
+1 1
+5 1
-5 1
+6 1
+37 1
+20 6
+9 2
+20 2
+13 2
-13 1
+6 2
+7 2
cfi=(11)
cfn=(28)
calls=1 438 
* 23
* 1
+2 2
+3 4
cfi=(11)
cfn=(28)
calls=1 438 
* 23
* 1
+2 2
+6 2
+4 2
-4 1
+4 1
-4 1
+4 1
cfi=(11)
cfn=(28)
calls=1 438 
* 23
* 1
+1 5
+55 2
-51 4
cfi=(11)
cfn=(28)
calls=1 438 
* 23
* 1
+1 5
+37 2
-33 4
cfi=(11)
cfn=(28)
calls=1 438 
* 23
* 1
+1 3
+48 2
-42 4
cfi=(11)
cfn=(28)
calls=1 438 
* 23
* 1
+2 1
-2 1
+2 1
+24 11
cfi=(11)
cfn=(58) __GI___tunable_set_val
calls=1 162 
* 57
+6 3
+3 10
cfi=(11)
cfn=(58)
calls=1 162 
* 57
+2 10
cfi=(11)
cfn=(58)
calls=1 162 
* 57
+1 10
cfi=(11)
cfn=(58)
calls=1 162 
* 57
+1 10
cfi=(11)
cfn=(58)
calls=1 162 
* 57
+3 10
cfi=(11)
cfn=(58)
calls=1 162 
* 57
+8 1
fe=(16)
+9 2
fi=(20)
-6 1
+2 1
fe=(16)
+4 1
fi=(20)
-9 1
+1 1
+2 1
+1 1
-3 1
+1 1
+3 1
-3 1
+4 1
-2 1
fe=(16)
+5 1
cfi=(11)
cfn=(28)
calls=1 438 
* 22
+3 4
cfi=(11)
cfn=(28)
calls=1 438 
* 24
+6 1
+4 1
-4 2
+7 1
-4 1
+4 1
+30 1
-11 1
+11 1
-20 1
+26 1
+4 1
-10 1
+12 1
-23 1
+11 1
+17 1
-1 1
+1 1
+45 4
cfi=(11)
cfn=(28)
calls=1 438 
* 22
+2 4
cfi=(11)
cfn=(28)
calls=1 438 
* 22
+4 4
+6 1
+35 3
-32 1
+32 1
cfi=(11)
cfn=(28)
calls=1 438 
* 24
+7 8
fi=(20)
1035 2
fe=(16)
1178 1
fi=(20)
1043 1
+1 2
fe=(16)
1222 3
+17 2
fi=(20)
1130 4
cfi=(11)
cfn=(28)
calls=1 438 
* 25
* 3
852 3
cfn=(50) handle_intel.constprop.0
calls=1 255 
* 980
+1 1
-1 1
+1 1
cfn=(50)
calls=1 255 
* 988
+4 1
-4 2
+1 1
+3 1
cfn=(50)
calls=1 255 
* 831
+2 1
-2 1
+2 1
cfn=(50)
calls=1 255 
* 835
+3 1
-3 1
+1 2
+2 1
cfn=(50)
calls=1 255 
* 982
+2 1
-2 1
+2 1
cfn=(50)
calls=1 255 
* 984
+2 1
-2 1
+2 1
cfn=(50)
calls=1 255 
* 779
+2 1
-2 1
+2 1
cfn=(50)
calls=1 255 
* 781
+2 1
-2 1
+2 1
cfn=(50)
calls=1 255 
* 783
+3 1
-2 1
-1 1
+3 1
cfn=(50)
calls=1 255 
* 988
+2 1
-2 1
+2 1
cfn=(50)
calls=1 255 
* 988
+2 1
-2 1
+2 1
cfn=(50)
calls=1 255 
* 983
+2 4
-2 1
+2 2
cfn=(56) get_common_cache_info.constprop.0
calls=1 613 
* 136
990 1
-6 3
+6 1
-6 2
+6 2
-6 2
+6 3
-1 2
fe=(16)
453 6
+5 2
+1 7
797 8
+4 7
967 2
854 2

fn=(38)
467 3
+4 4
+3 3
+5 2
-5 1
+5 1
-5 1
+4 1
+1 1
+1 4
+1 4
+1 3
+1 2
+7 2
+2 5
+5 1
-5 1
+5 1
-5 1
+5 1
-5 2
+5 1
+7 1
-7 4
+7 1
fi=(17) ./elf/../sysdeps/unix/sysv/linux/x86/dl-minsigstacksize.h
24 2
+3 2
+54 1
fe=(16)
526 3

fl=(14)
fn=(30)
36 1
fi=(221) ./elf/../sysdeps/unix/sysv/linux/brk_call.h
-12 2
fe=(14)
+13 1
+1 2
+6 1
+1 1

fl=(53)
fn=(170)
25 2
+1 8
+1 2

fl=(23)
fn=(62)
37 4
+3 1
-3 2
+21 2
+4 2
+16 5

fl=(8)
fn=(14)
25 4
+3 4
-3 4
+3 8
+3 12
+1 8
+2 4
-1 4
+3 12
+1 4
+1 8
+2 4
-2 4
+3 8
+4 8
-2 4
+2 8
+5 4

fl=(13)
fn=(26)
289 2
+1 2
-1 2
+1 2
cfi=(11)
cfn=(28)
calls=1 438 
* 24
+2 3
-1 1
+2 2

fn=(230) dfs_traversal.part.0
135 72
+10 8
-2 8
+2 16
+2 20
-7 20
+7 40
+9 16
+15 24
+1 8
+1 48
-17 12

fn=(228) _dl_sort_maps
298 24
+8 2
-8 2
+8 4
-95 2
-28 2
-2 2
+1 2
+29 2
-28 8
+1 2
-1 2
+1 2
-1 4
+1 6
-1 6
+1 6
-1 12
+28 28
+5 2
+3 6
-3 2
+3 4
-8 2
+7 2
+1 8
+2 18
+2 8
-83 40
cfn=(230)
calls=8 -5 
* 292
+86 24
+18 8
+19 6
cfi=(29)
cfn=(80)
calls=2 -53 
* 22
+13 8
+7 2
+27 16

fl=(66)
fn=(212)
387 10
+2 2
+3 3
+74 3
207 1
469 2
207 2
-7 6
+9 5
+1 1
-23 2
+23 1
+4 2
-5 40
+1 8
-23 16
+23 8
+4 16
+4 36
cfn=(218) _dl_cache_libcmp
calls=9 341 
* 703
+1 18
330 8
+3 3
207 6
331 5
207 19
+22 2
+3 2
+2 4
cfn=(218)
calls=1 341 
* 78
* 2
-7 4
fi=(222) ./elf/../sysdeps/x86/dl-isa-level.h
28 3
fe=(66)
236 2
fi=(222)
28 1
fe=(66)
236 1
fi=(222)
28 2
fe=(66)
246 2
+10 2
+1 3
+16 1
fi=(67) ./elf/../sysdeps/generic/dl-cache.h
125 1
fe=(66)
273 4
+9 2
+5 2
+27 3
484 2
+12 2
cfi=(22)
cfn=(60)
calls=1 57 
* 35
+1 1
-1 1
+1 11
+1 1
-1 1
+1 1
-1 1
+1 1
cfi=(29)
cfn=(80)
calls=1 210 
* 11
* 1
+1 1
cfi=(43)
cfn=(132)
calls=1 40 
* 95
+1 8
-3 2
395 4
cfi=(51)
cfn=(214) _dl_sysdep_read_whole_file
calls=1 36 
* 103
* 1
+8 5
+1 8
+3 3
+1 1
-1 4
fi=(67)
194 1
+1 5
fe=(66)
415 1
+1 2

fn=(464) _dl_unload_cache
509 1
+1 4
-1 1
+3 1
-3 1
+3 1
cfi=(132) ./misc/../sysdeps/unix/syscall-template.S
cfn=(466) munmap
calls=1 117 
* 6
+7 1
-6 1
+4 1
+2 1

fn=(218)
341 10
+1 10
-1 10
+1 20
+22 96
+2 96
-12 39
+16 39
+1 39
-29 78
+4 49
-2 98
+2 49
-2 98
+2 2
+6 1
+2 1
-2 1
+1 1
-1 1
+1 1
+1 3
+2 4
+2 2
-16 3
+32 3
-7 27

fl=(214) ./elf/./elf/dl-call_fini.c
fn=(746) _dl_call_fini
24 32
+4 8
+6 4
-2 4
+3 8
+3 2
+1 2
-1 2
+1 4
+3 8
+1 2
cob=(4)
cfi=(150)
cfn=(774) 0x00000000000010d0
calls=1 -43 
* 98
cob=(5)
cfi=(156)
cfn=(748)
calls=1 -43 
* 98
-1 8
+5 4
+1 8
+1 4
+1 10
-1 2
cob=(3)
cfi=(146)
cfn=(790)
calls=1 -49 
* 4
cob=(3)
cfi=(146)
cfn=(770)
calls=1 -49 
* 4
+1 12

fl=(64)
fn=(208)
28 2
+1 4
cfi=(65) ./io/../sysdeps/unix/sysv/linux/fstatat64.c
cfn=(210) fstatat
calls=1 146 
* 8

fl=(24)
fn=(66) __tls_pre_init_tp
54 3
+3 8
+5 1
-5 1
+5 1
+1 1
-6 1
+8 1

fn=(84)
43 8
+2 16

fn=(256) __tls_init_tp
69 5
fi=(223) ./elf/../include/list.h
-25 1
fe=(24)
+25 1
fi=(223)
-26 1
fe=(24)
+27 1
+3 1
fi=(223)
-30 1
+1 1
+1 1
+2 1
fe=(24)
+29 4
+1 2
+1 1
+5 2
+5 1
+6 1
-3 1
+3 1
-6 3
+6 1
+16 4
cfi=(11)
cfn=(28)
calls=1 438 
* 24
fi=(75) ./elf/../sysdeps/unix/sysv/linux/rseq-internal.h
-10 1
-7 1
+7 2
+24 1
fe=(24)
-12 1
+6 2
+1 5
fi=(75)
-11 2
-15 1
+15 2
-15 1
+19 3
cfi=(42)
cfn=(124)
calls=1 +25 
* 13
* 1
+4 1
+2 5
+1 2
fe=(24)

fl=(134) ./elf/./elf/dl-find_object.c
fn=(422) _dlfo_process_initial
475 2
+3 2
-3 6
+1 2
+3 4
+26 14
+1 6
+1 8
-1 16
+3 28
+3 24
-7 10
+27 2
-2 2
+2 6
-18 18
+3 6
-1 6
cfi=(135) ./elf/./dl-find_object.h
cfn=(420) _dl_find_object_from_map
calls=3 95 
* 204
+2 12

fn=(424) _dlfo_sort_mappings
537 1
+1 2
+3 4
+4 1
+1 1
-1 1
+1 2
-1 1
+1 1
-1 1
+1 10
+1 15
+3 2
-1 2
-3 9
+8 6
+1 4
-1 2
-13 4
+14 6
+1 4
-15 4
+17 1

fn=(418) _dl_find_object_init
562 2
+3 1
-3 3
+5 2
+13 1
cfn=(422)
calls=1 475 
* 81
+1 1
-1 1
+1 1
fi=(28)
56 1
cfi=(27)
cfn=(76)
calls=1 -20 
* 30
fe=(134)
581 1
fi=(28)
56 1
fe=(134)
583 2
+3 2
+5 1
+1 1
cfn=(422)
calls=1 475 
* 297
+3 3
+10 4
-37 2
cfi=(135)
cfn=(420)
calls=1 95 
* 73
* 1
+29 2
cfn=(424)
calls=1 -60 
* 84
+3 6
+2 1

fl=(2)
fn=(2) _dl_start
519 16
85 1
549 4
85 1
545 1
fi=(6)
55 1
fe=(2)
+30 1
548 1
85 1
fi=(3) ./elf/./get-dynamic-info.h
-40 1
fe=(2)
548 1
fi=(3)
45 2
+23 18
-23 72
+4 36
+3 5
-1 10
+3 20
+1 16
+1 5
fi=(4) ./elf/../sysdeps/generic/ldsodefs.h
+23 1
fi=(3)
+31 1
-38 3
+12 4
+1 3
+1 4
+1 4
+1 5
+1 3
+1 4
+1 4
+12 7
+7 2
+13 3
+6 3
+1 3
+3 2
+1 3
+5 5
+3 5
fe=(2)
565 141
fi=(4)
79 1
fe=(2)
565 1
fi=(4)
79 2
fe=(2)
565 29
fi=(5) ./elf/./elf/do-rel.h
49 1
+4 1
-5 1
+1 3
+4 7
+3 2
fe=(2)
565 1
fi=(5)
49 1
+4 1
-5 1
+1 3
+4 7
+3 2
+5 7
+2 1
+2 1
-2 2
+1 2
fi=(6)
273 2
+9 10
+4 2
+26 4
fi=(5)
61 3
fe=(2)
565 6
fi=(5)
51 1
fi=(4)
+28 2
fi=(3)
-20 4
fe=(2)
565 42
+2 1
457 1
cfi=(7)
cfn=(12) __rtld_malloc_init_stubs
calls=1 42 
* 10
+4 2
85 1
478 1
85 3
478 1
cfi=(8)
cfn=(14)
calls=1 25 
* 28
+2 1
+16 1
-17 1
+17 1
-17 1
+11 1
-10 1
+16 1
cfi=(9)
cfn=(16)
calls=1 103 
* 143531
* 1
+2 2
+87 9
fi=(3)
62 4
+2 4
+39 3
fe=(2)

fn=(160)
641 2
+2 1
-2 4
+2 1
+1 2
-1 2
+1 3
cfi=(30)
cfn=(162)
calls=1 1914 
* 2648
* 1
+2 3

fn=(150) handle_preload_list
852 11
+5 1
-5 2
+5 2
-4 3
+17 1
183 1
872 2
183 2
874 2
-14 3
cfi=(48) ./string/../string/strcspn.c
cfn=(152) strcspn
calls=1 32 
* 255
* 1
+1 3
+2 4
cfi=(29)
cfn=(80)
calls=1 210 
* 19
+1 2
-70 1
+5 1
-6 1
-4 1
+10 2
-6 1
+4 1
+2 2
-5 1
+1 1
+4 1
cfi=(49)
cfn=(154)
calls=1 258 
* 2759
+1 3
+8 3
+67 1
-18 2
+21 9

fn=(64)
1306 2
197 1
1306 11
199 1
302 1
+1 1
197 1
+99 3
1318 1
cfi=(24)
cfn=(66)
calls=1 54 
* 17
2711 3
2488 1
2711 2
2559 1
+2 2
+15 2
-13 2
cfi=(25)
cfn=(68)
calls=1 28 
* 87
* 4
cfi=(25)
cfn=(68)
calls=2 28 
* 341
* 9
+4 6
-2 2
+2 8
+1 2
-1 6
+1 17
-1 89
+9 12
2688 3
1328 1
+1 2
-1 2
+1 2
2648 3
-47 2
+10 2
1596 9
cfi=(26)
cfn=(70)
calls=1 59 
* 210
* 1
+2 2
+1 3
+6 1
-5 2
+1 3
+4 1
cfi=(26)
cfn=(82)
calls=1 31 
* 42
+1 2
1099 1
-1 1
1311 1
1126 1
-21 2
+21 2
-19 1
+1 1
-3 1
+21 2
+20 1
-20 1
-25 1
+22 1
+4 1
+19 3
-19 112
+33 8
-1 4
+1 16
-1 4
+2 8
+1 1
+2 12
+1 14
+4 8
+1 8
+1 4
+4 8
-49 30
+88 22
+6 4
cfi=(30)
cfn=(86)
calls=1 842 
* 89
-7 28
+1 14
+6 14
-6 28
fi=(31)
149 6
fe=(2)
1131 1
-5 1
+5 2
-5 2
+21 1
-21 1
+21 1
+4 1
-5 1
+3 1
-23 2
+10 2
-10 1
+10 1
+1 9
-11 2
+1 14
+80 1
-81 1
+81 2
-81 3
+77 1
-77 1
+77 1
-77 2
1226 4
+3 3
+2 2
1629 2
+6 3
+2 1
-1 1
+1 2
+1 2
-2 1
+2 1
-2 2
cfi=(32)
cfn=(92)
calls=1 98 
* 25
* 2
+7 1
+3 1
-5 1
+3 1
+2 1
+1 2
+4 2
+2 2
fi=(3)
39 4
+4 1
+2 1
+9 1
+1 1
-10 2
+23 26
-23 104
+4 52
+3 6
-1 12
+3 24
+1 20
+17 4
+43 2
+7 3
+1 4
+6 3
+18 4
+5 2
+2 2
+2 2
+2 2
+1 2
+3 4
+2 3
+1 2
+9 2
+6 2
+1 3
+3 3
fe=(2)
1661 4
+7 2
cfi=(8)
cfn=(14)
calls=1 25 
* 28
+3 2
fi=(33) ./elf/./setup-vdso.h
24 2
fi=(36) ./elf/./dl-main.h
+85 2
fi=(35) ./elf/../sysdeps/unix/sysv/linux/dl-vdso-setup.h
-55 1
fi=(36)
+55 3
cfi=(30)
cfn=(104)
calls=1 680 
* 1983
fe=(2)
1696 3
cfi=(44)
cfn=(140) _dl_debug_initialize
calls=1 56 
* 34
+7 1
-5 1
-2 1
+7 1
+4 1
+1 1
+2 1
-3 3
+1 2
+3 1
+11 1
-13 1
+13 1
+1 2
+5 1
-3 2
+2 1
+1 2
+5 3
+1 5
-1 2
224 1
fi=(4)
79 1
fe=(2)
225 1
-1 1
+1 1
fi=(4)
79 1
fe=(2)
225 3
+1 2
1751 2
+5 1
-1 1
1312 1
1756 1
+24 1
cfi=(45)
cfn=(142)
calls=1 220 
* 6
* 1
fi=(46) ./elf/../sysdeps/generic/dl-debug.h
29 4
+1 1
fe=(2)
1786 1
+1 1
cfi=(44)
cfn=(146) _dl_debug_state
calls=1 116 
* 2
+1 1
+4 3
cfi=(47)
cfn=(148) _dl_audit_activity_map
calls=1 29 
* 17
+5 3
+2 1
+2 2
+9 2
+16 4
cfi=(62) ./io/../sysdeps/unix/sysv/linux/access.c
cfn=(198) access
calls=1 25 
* 9
* 2
+76 4
+16 3
85 1
1928 1
85 2
1928 1
85 1
1928 5
85 1
1928 2
cfi=(63)
cfn=(200) _dl_map_object_deps
calls=1 143 
* 6895
92 1
1938 2
101 1
1934 1
+16 1
92 2
+9 2
1934 5
+1 2
-1 4
+1 6
-1 12
+4 1
+1 2
+1 1
+2 14
+1 9
+7 2
+1 1
-1 1
+1 2
+2 1
+2 2
+16 4
+1 2
+1 3
+10 1
+2 1
-1 3
+1 3
-1 1
+1 1
cfi=(49)
cfn=(232)
calls=1 190 
* 4227
+10 1
+1 1
-1 1
+1 1
+3 2
820 1
fi=(224) ./elf/../sysdeps/unix/sysv/linux/dl-osinfo.h
39 2
fe=(2)
822 1
fi=(224)
52 1
fe=(2)
831 1
+7 1
-5 1
2004 3
2203 2
+4 1
-4 1
+10 1
-6 1
+6 1
+3 2
+8 2
fi=(31)
36 2
+1 3
+3 3
+13 6
-13 3
+9 6
-9 1
+9 16
+4 12
-16 12
+34 1
fe=(2)
2228 1
fi=(31)
71 1
cfi=(76)
cfn=(260)
calls=1 361 
* 57
fe=(2)
2228 2
+3 1
+5 2
85 1
2241 1
-1 2
85 3
2240 5
cfi=(77) ./elf/./elf/dl-reloc.c
cfn=(262) _dl_relocate_object
calls=1 343 
* 69476
92 3
+9 2
-16 2
2249 1
85 2
2249 1
+1 16
+2 8
+5 8
+2 8
+6 4
+2 32
cfi=(77)
cfn=(262)
calls=4 343 
* 18485
+4 10
+1 2
-22 1
+22 1
cfi=(45)
cfn=(410)
calls=1 1156 
* 34
-22 3
92 3
+1 2
2279 1
cfi=(45)
cfn=(414)
calls=1 1117 
* 23
+6 2
+4 4
+2 1
+7 4
cfi=(45)
cfn=(416)
calls=1 595 
* 153
+3 2
+4 3
+3 1
cfi=(134)
cfn=(418)
calls=1 562 
* 605
+5 2
85 1
2317 4
85 3
2317 2
cfi=(77)
cfn=(264) _dl_relocate_object_no_relro
calls=1 207 
* 273
92 3
+9 2
2320 1
cfi=(136)
cfn=(428)
calls=1 30 
* 394
+1 2
cfi=(7)
cfn=(432) __rtld_malloc_init_real
calls=1 76 
* 2330
+4 2
cfi=(77)
cfn=(440) _dl_protect_relro
calls=1 352 
* 34
+5 3
cfi=(140)
cfn=(442)
calls=1 27 
* 581
+7 1
cfi=(9)
cfn=(460)
calls=1 148 
* 2
+4 2
cfi=(44)
cfn=(194)
calls=1 38 
* 7
+1 1
-1 1
+2 1
cfi=(44)
cfn=(146)
calls=1 116 
* 2
+1 1
+3 3
cfi=(47)
cfn=(462) _dl_audit_activity_nsid
calls=1 41 
* 11
+4 1
cfi=(66)
cfn=(464)
calls=1 509 
* 19
+5 8
-95 1
+1 1
-3 2
226 2
1736 1
+6 1
-6 2
+6 1
fi=(3)
56 5
+3 4
fe=(2)
1957 1
-4 1
+5 1
-1 2
fi=(34) ./elf/../sysdeps/unix/sysv/linux/dl-vdso.h
40 2
+1 5
fi=(35)
-11 1
+3 1
+3 1
+3 1
+6 1
fi=(34)
+10 2
fe=(2)
224 1
+1 1
fi=(3)
72 3
+12 3
+1 5
+1 5
+1 5
+1 4
+1 5
+1 5
+1 5
+12 2
+7 1
-7 7
+7 2
fe=(2)
1706 4
2648 2
+2 1
+1 1
-1 1
+1 1
+1 1
1997 2
cfn=(242) init_tls
calls=1 734 
* 916
* 2
fi=(3)
62 4
+2 4
fe=(2)
2611 2
+2 2
+1 1
1906 10
85 1
1805 2
85 3
1805 2
cfn=(150)
calls=1 852 
* 3104
* 1
92 3
+9 3
1906 6
+1 1
-1 1
+4 3
+1 1
+1 2
+1 2
-7 2

fn=(234)
674 2
+2 1
-2 4
+2 3
cfi=(71)
cfn=(236)
calls=1 392 
* 4190
* 2
+4 3

fn=(242)
734 1
+6 1
-6 3
+2 2
+4 2
+11 1
fi=(28)
44 1
fe=(2)
746 1
+4 1
fi=(28)
44 1
cfi=(27)
cfn=(72)
calls=1 +36 
* 41
fe=(2)
759 1
-10 1
-3 1
+10 1
+3 1
cfi=(45)
cfn=(244)
calls=1 125 
* 86
+3 1
cfi=(45)
cfn=(246)
calls=1 243 
* 172
+7 1
cfi=(45)
cfn=(250)
calls=1 509 
* 473
* 1
+1 2
+6 1
fi=(74) ./elf/../sysdeps/generic/dl-call_tls_init_tp.h
31 2
fe=(2)
776 1
fi=(74)
31 6
+2 1
cfi=(24)
cfn=(256)
calls=1 +36 
* 103
fe=(2)
783 1
-3 1
+3 4

fl=(39) ./elf/./elf/dl-hwcaps_split.c
fn=(118) _dl_hwcaps_split
25 5
+1 3
+21 1
-20 1
+20 3

fn=(112) _dl_hwcaps_split_masked
51 50
-25 15
+36 5
-7 5
+7 35
-26 24
+5 27
cfi=(41)
cfn=(116)
calls=9 -9 
* 216
* 9
+1 18
+3 6
+11 12
+1 18
+1 12
-2 6
+1 9
+1 6
-28 24
+4 60
+1 12
-1 30
+9 6
cfi=(22)
cfn=(60)
calls=3 +14 
* 51
* 6

fl=(77)
fn=(440)
352 1
+1 3
-1 5
+4 5
+3 1
-3 1
+3 1
+4 2
+7 3
-6 4
cfi=(132)
cfn=(408) mprotect
calls=1 117 
* 6
* 2

fn=(264)
207 8
+11 8
-11 8
+10 4
-10 4
+10 4
-10 4
+13 4
-13 16
+16 4
-16 8
+11 4
+2 4
+3 4
+3 4
-1 4
+1 8
+20 20
+1 8
+3 4
+7 6
fi=(6)
78 4
fi=(4)
+1 4
fe=(77)
296 8
fi=(4)
79 8
fe=(77)
296 8262
fi=(4)
79 1
fe=(77)
296 1
fi=(4)
79 2
fe=(77)
296 166
190 16
296 4
fi=(5)
49 4
+4 4
+27 4
-32 4
+1 12
+4 32
+27 8
fe=(77)
296 4
fi=(5)
49 4
+4 4
+27 4
-32 4
+1 12
+4 32
+27 8
fe=(77)
296 18
fi=(6)
725 20
+4 6
fe=(77)
298 20
+23 4
+3 8
+14 32
fi=(5)
105 24
+9 16
+1 2
fi=(6)
493 2
fi=(5)
115 2
fi=(6)
493 4
fi=(5)
115 4
fi=(6)
493 4
fi=(5)
115 4
fi=(6)
493 8
+5 12
+1 6
fi=(5)
114 6
fi=(6)
499 6
-5 6
fi=(5)
114 12
+3 24
+3 24
+2 21
fe=(77)
+68 6
fi=(5)
73 3
fe=(77)
190 3
fi=(5)
72 3
fe=(77)
190 27
fi=(5)
-66 6
+1 3
+1 3
-2 3
+2 3
+3 3
-5 3
+2 3
-2 3
+1 6
+2 3
-2 3
+2 9
+2 6
-5 336
+1 168
+1 168
-2 168
+2 168
+3 168
-5 168
+2 168
-2 168
+1 336
+2 168
-2 168
+2 504
+2 336
+9 124
fi=(6)
262 248
+7 248
+4 248
fe=(77)
170 496
fi=(4)
-30 327
fe=(77)
+31 218
+3 218
+8 204
-8 909
+12 200
-3 100
+1 100
+2 404
-3 2
+1 2
+2 110
+1 102
-1 102
+2 306
+1 102
-1 204
-1 6
+3 18
cfi=(78) ./elf/./elf/dl-lookup.c
cfn=(272) _dl_lookup_symbol_x
calls=3 759 
* 1342
-3 99
+3 594
cfi=(78)
cfn=(272)
calls=99 759 
* 55814
+4 102
-4 102
+3 102
+1 612
fi=(6)
+88 1084
+4 254
+26 744
418 24
fi=(5)
141 24
fi=(6)
418 198
fi=(5)
141 332
-19 693
+33 12
+1 64
+1 189
+3 94
+4 47
-1 47
-3 47
+2 94
+2 47
-2 94
fe=(77)
+8 188
fi=(6)
286 94
471 94
+2 47
cfi=(15)
cfn=(426) __x86_cpu_features
calls=1 76 
* 6
cob=(2)
cfi=(131) ./string/../sysdeps/x86_64/multiarch/strncase.c
cfn=(404) strncasecmp
calls=1 31 
* 12
cob=(2)
cfi=(130) ./string/../sysdeps/x86_64/multiarch/mempcpy.c
cfn=(400) mempcpy
calls=1 33 
* 17
cob=(2)
cfi=(128) ./wcsmbs/../sysdeps/x86_64/multiarch/wcpcpy.c
cfn=(396) wcpncpy
calls=1 31 
* 9
cob=(2)
cfi=(127) ./string/../sysdeps/x86_64/multiarch/strspn.c
cfn=(394) strspn
calls=1 29 
* 7
cob=(2)
cfi=(126) ./string/../sysdeps/x86_64/multiarch/memchr.c
cfn=(392) memchr
calls=1 29 
* 9
cob=(2)
cfi=(125) ./string/../sysdeps/x86_64/multiarch/memmove.c
cfn=(388) memmove
calls=1 29 
* 17
cob=(2)
cfi=(124) ./string/../sysdeps/x86_64/multiarch/stpcpy.c
cfn=(384) stpcpy
calls=1 33 
* 11
cob=(2)
cfi=(123) ./debug/../sysdeps/x86_64/multiarch/memmove_chk.c
cfn=(380) __memmove_chk
calls=1 29 
* 17
cob=(2)
cfi=(122) ./wcsmbs/../sysdeps/x86_64/multiarch/wmemcmp.c
cfn=(378) wmemcmp
calls=1 29 
* 8
cob=(2)
cfi=(121) ./string/../sysdeps/x86_64/multiarch/strncpy.c
cfn=(376) strncpy
calls=1 29 
* 7
cob=(2)
cfi=(120) ./string/../sysdeps/x86_64/multiarch/strlen.c
cfn=(374) strlen
calls=1 29 
* 10
cob=(2)
cfi=(98) ./wcsmbs/../sysdeps/x86_64/multiarch/wcscat.c
cfn=(372) wcscat
calls=1 31 
* 9
cob=(2)
cfi=(119) ./string/../sysdeps/x86_64/multiarch/strcasecmp_l.c
cfn=(368) strcasecmp_l
calls=1 31 
* 12
cob=(2)
cfi=(118) ./string/../sysdeps/x86_64/multiarch/strcpy.c
cfn=(364) strcpy
calls=1 29 
* 11
cob=(2)
cfi=(117) ./wcsmbs/../sysdeps/x86_64/multiarch/wmemset.c
cfn=(362) wmemset
calls=2 31 
* 14
cob=(2)
cfi=(116) ./string/../sysdeps/x86_64/multiarch/memcmp.c
cfn=(360) bcmp
calls=1 29 
* 8
cob=(2)
cfi=(115) ./string/../sysdeps/x86_64/multiarch/strchrnul.c
cfn=(358) strchrnul
calls=1 31 
* 10
cob=(2)
cfi=(114) ./string/../sysdeps/x86_64/multiarch/strncase_l.c
cfn=(354) strncasecmp_l
calls=1 31 
* 12
cob=(2)
cfi=(112) ./string/../sysdeps/x86_64/multiarch/strcat.c
cfn=(350) strcat
calls=1 29 
* 11
cob=(2)
cfi=(111) ./wcsmbs/../sysdeps/x86_64/multiarch/wcscpy.c
cfn=(348) wcscpy
calls=1 60 
* 12
cob=(2)
cfi=(110) ./string/../sysdeps/x86_64/multiarch/strcspn.c
cfn=(346) strcspn
calls=1 29 
* 7
cob=(2)
cfi=(108) ./string/../sysdeps/x86_64/multiarch/strcasecmp.c
cfn=(342) strcasecmp
calls=1 31 
* 12
cob=(2)
cfi=(107) ./string/../sysdeps/x86_64/multiarch/strncmp.c
cfn=(340) strncmp
calls=1 67 
* 12
cob=(2)
cfi=(106) ./wcsmbs/../sysdeps/x86_64/multiarch/wmemchr.c
cfn=(338) wmemchr
calls=2 31 
* 18
cob=(2)
cfi=(105) ./string/../sysdeps/x86_64/multiarch/stpncpy.c
cfn=(336) stpncpy
calls=1 31 
* 7
cob=(2)
cfi=(104) ./wcsmbs/../sysdeps/x86_64/multiarch/wcscmp.c
cfn=(334) wcscmp
calls=1 30 
* 10
cob=(2)
cfi=(103) ./string/../sysdeps/x86_64/multiarch/strrchr.c
cfn=(332) rindex
calls=1 28 
* 10
cob=(2)
cfi=(101) ./debug/../sysdeps/x86_64/multiarch/memset_chk.c
cfn=(328) __memset_chk
calls=1 29 
* 20
cob=(2)
cfi=(100) ./string/../sysdeps/x86_64/multiarch/strchr.c
cfn=(326) index
calls=1 65 
* 13
cob=(2)
cfi=(98)
cfn=(322) wcschr
calls=2 31 
* 20
cob=(2)
cfi=(96) ./string/../sysdeps/x86_64/multiarch/memcmpeq.c
cfn=(318) memcpy@@GLIBC_2.14
calls=1 29 
* 17
cob=(2)
cfi=(95) ./wcsmbs/../sysdeps/x86_64/multiarch/wcsncpy.c
cfn=(316) wcsncpy
calls=1 31 
* 9
cob=(2)
cfi=(94) ./string/../sysdeps/x86_64/multiarch/memrchr.c
cfn=(314) memrchr
calls=1 29 
* 10
cob=(2)
cfi=(93) ./debug/../sysdeps/x86_64/multiarch/memcpy_chk.c
cfn=(310) __memcpy_chk
calls=1 29 
* 17
cob=(2)
cfi=(91) ./debug/../sysdeps/x86_64/multiarch/mempcpy_chk.c
cfn=(306) __mempcpy_chk
calls=1 29 
* 17
cob=(2)
cfi=(90) ./wcsmbs/../sysdeps/x86_64/multiarch/wcslen.c
cfn=(302) wcslen
calls=1 29 
* 12
cob=(2)
cfi=(88) ./string/../sysdeps/x86_64/multiarch/memset.c
cfn=(298) memset
calls=1 29 
* 20
cob=(2)
cfi=(86) ./wcsmbs/../sysdeps/x86_64/multiarch/wcsnlen.c
cfn=(294) wcsnlen
calls=1 30 
* 12
cob=(2)
cfi=(85) ./string/../sysdeps/x86_64/multiarch/strcmp.c
cfn=(292) strcmp
calls=1 79 
* 15
cob=(2)
cfi=(84) ./string/../sysdeps/x86_64/multiarch/strpbrk.c
cfn=(290) strpbrk
calls=1 29 
* 7
cob=(2)
cfi=(83) ./string/../sysdeps/x86_64/multiarch/strnlen.c
cfn=(288) strnlen
calls=2 31 
* 20
cob=(2)
cfi=(81) ./string/../sysdeps/x86/cacheinfo.c
cfn=(284) __x86_cacheinfo
calls=1 86 
* 30
fi=(5)
156 47
fi=(6)
474 47
fi=(5)
156 98
fe=(77)
296 6
fi=(5)
51 4
fi=(4)
+28 8
fi=(5)
+63 93
fi=(6)
315 31
+3 31
455 3
+5 2
-1 3
+1 2
-1 1
cfi=(29)
cfn=(80)
calls=1 210 
* 11
+2 5
+1 2
-67 48
+2 64
+4 16
+9 16
-9 32
+9 16
fi=(5)
141 32
-9 47
+1 47
-1 141
+2 47
fi=(6)
282 75
+3 12
+24 6
cob=(2)
cfi=(133) ./time/../sysdeps/unix/sysv/linux/time.c
cfn=(412) time
calls=1 37 
* 7
cob=(2)
cfi=(96)
cfn=(318)
calls=1 29 
* 17
cob=(2)
cfi=(85)
cfn=(292)
calls=1 79 
* 15
cob=(2)
cfi=(116)
cfn=(360)
calls=1 29 
* 8
cob=(2)
cfi=(120)
cfn=(374)
calls=1 29 
* 10
cob=(2)
cfi=(118)
cfn=(364)
calls=1 29 
* 11
* 24
fe=(77)
-13 1957
fi=(6)
-14 235
fe=(77)
175 63
+3 7
-1 7
+19 7
-18 14
fi=(6)
290 12
+1 18
fi=(5)
171 7
fe=(77)
+19 2
fi=(5)
73 1
fe=(77)
190 3
fi=(6)
431 7
fi=(5)
173 2
+1 2
-1 1
+3 1
-3 4
+3 2
-3 10
+1 10
-1 5
+3 5
-3 20
+3 10
+8 6
fi=(6)
+78 12
+7 12
+4 12
fe=(77)
170 24
fi=(4)
-30 18
fe=(77)
+31 12
+3 12
+8 12
-8 54
+12 12
-3 6
+1 6
+2 36
+4 24
-4 6
+4 18
cfi=(78)
cfn=(272)
calls=6 759 
* 2953
+4 6
-4 6
+3 6
+1 36
fi=(6)
+88 32
+4 4
+26 36
418 6
fi=(5)
187 18
-16 29
+31 2
fe=(77)
+48 4
+7 6
-9 4
fi=(6)
+54 7
fe=(77)
175 21

fn=(262)
343 5
+1 12
-1 15
+3 3
cfn=(264)
calls=3 207 
* 87842
+7 9
+3 15
+3 3
-3 3
+3 3
+4 6
-15 9
+16 12
cfi=(132)
cfn=(408)
calls=3 117 
* 18
* 6

fl=(132)
fn=(408)
117 20
+5 4

fn=(466)
117 5
+5 1

fl=(41)
fn=(116)
32 15
+1 15
+1 15
+1 15
+1 15
+1 15
+1 15
+1 15
+1 15
+1 15
+1 15
+1 15
+1 15
+1 15
+1 15
+1 15
+1 15
+1 15
+1 13
+4 13
+1 13
+1 13
+1 13
+2 13
+4 2
+1 2
+1 2
+1 2
+1 2
+1 2
+1 2
+1 2
+1 2
+1 2
+1 2
+1 2
+1 2
+1 2
+1 2
+1 2
+1 2
+1 2
+1 2
+1 2
+1 2
+1 2
+1 2
+1 2
+52 2
+4 2
+1 2
+1 2
+1 2
+2 2

fl=(54)
fn=(174)
30 3
+9 12
+33 3

fl=(27)
fn=(72)
80 8
+4 8
-4 32
+7 8
+1 24
fi=(28)
-32 8
cfi=(27)
cfn=(76)
calls=8 -20 
* 347
fe=(27)

fn=(76)
36 192
+1 72
+11 69
+3 23
-3 23
+3 46
-3 2
+3 1
-3 1
+3 90
+19 24
+1 24
+2 144
-17 8
+1 4
+2 2
+1 14
cfi=(56)
cfn=(178)
calls=2 -13 
* 52
* 2
+2 4
+2 8
cfi=(57)
cfn=(180)
calls=2 -31 
* 56
+1 6
+2 2
+4 2
-4 4
-24 1
-1 1
+1 1
+1 2
-2 2

fn=(138)
97 1
+2 4

fl=(48)
fn=(152)
32 6
+1 3
+1 2
+5 6
+1 4
+1 4
+1 4
+2 1
+3 3
+1 2
-1 6
+1 4
+3 4
+1 4
+1 4
+1 4
+2 4
+6 1
-1 1
+1 1
+2 2
-1 2
+2 1
+2 6
-5 12
-1 12
+1 12
+2 24
-1 24
+2 12
+2 72
+2 1
+1 4
+1 3

fl=(51)
fn=(214)
36 2
+3 1
-3 7
+3 1
-3 2
+3 1
cfi=(52)
cfn=(168)
calls=1 -11 
* 20
+1 2
+23 8
-21 4
cfi=(54)
cfn=(174)
calls=1 -12 
* 6
* 2
+2 2
+3 2
+13 2
cfi=(61)
cfn=(190)
calls=1 -35 
* 6
* 1
-11 6
cfi=(56)
cfn=(178)
calls=1 -2 
* 26
* 2

fn=(164)
68 98
+1 28
cfi=(32)
cfn=(92)
calls=14 +29 
* 350
* 14
+1 14
-1 28
+3 14
+2 28
+4 15
-4 30
+1 54
cfi=(32)
cfn=(92)
calls=18 +23 
* 530
* 36
-5 3
+11 23
-1 11
+1 33

fl=(135)
fn=(420)
95 8
+1 8
+1 4
+6 20
+1 131
+1 90
+2 12
+5 4

fl=(20)
fn=(50)
255 24
-5 12
+17 12
-17 96
+11 12
+1 12
+5 36
+4 24
+34 96
-29 12
+3 24
-3 12
+3 36
cfn=(52) intel_check_word.constprop.0
calls=12 123 
* 4056
+2 24
+3 60
cfn=(52)
calls=12 123 
* 3060
+2 24
+3 60
cfn=(52)
calls=12 123 
* 288
+2 24
+3 60
cfn=(52)
calls=12 123 
* 2793
+2 24
+4 12
+1 9

fn=(56)
613 10
+47 1
-29 1
-3 1
+32 1
-17 2
-3 4
+32 2
-32 3
+20 2
-13 1
+1 1
+16 2
812 4
+1 5
+4 2
+7 1
+1 1
+1 1
+1 7
640 4
+75 4
-65 1
-4 1
+23 2
773 2
+2 1
-1 1
+1 2
+7 1
-1 1
+1 2
+2 2
672 7
+7 2
-7 6
+7 4
+3 19
+27 2
-37 9
+15 2
+4 1
+1 1
-1 2
+1 1
+85 2
+8 2

fn=(52)
123 96
-4 48
+10 96
-10 240
+10 96
-10 48
+10 96
+2 96
+71 72
+14 36
-14 180
-71 204
+2 119
+2 238
+8 238
+51 262
+8 6
+14 357
fi=(21) ./elf/../bits/stdlib-bsearch.h
28 357
fe=(20)
+82 238
fi=(21)
-82 615
fe=(20)
+82 410
+3 747
fi=(21)
-87 1449
+2 1353
fe=(20)
+82 902
221 112
+14 40
131 9
236 9
131 9
-6 40
246 288
fi=(21)
44 248
-1 248
-17 539
fe=(20)
223 8
+2 16
+3 10
+3 6
+1 6
-3 4
-2 6

fl=(44)
fn=(140)
56 3
+3 2
+4 1
+22 1
+10 1
-32 2
+1 1
+21 2
+5 2
+1 1
+4 1
-4 1
-1 1
+2 1
+3 1
+4 2
+8 2
-50 1
+4 2
+35 6

fn=(194)
38 3
+3 3
-1 6
+4 6
+4 3

fn=(146)
116 2
+1 2

fl=(7)
fn=(128)
239 2
+3 4
+2 2
+1 4
+4 3
-2 1
+4 28
+5 84
-2 56
+13 1
+4 4
-22 14
+15 14
-15 30

fn=(436) lookup_malloc_symbol
61 8
+3 4
-3 12
+3 4
-3 12
+3 4
-3 4
+2 4
+1 16
cfi=(78)
cfn=(272)
calls=4 759 
* 2044
+4 28
+1 28
+2 4
fi=(139) ./elf/./dl-sym-post.h
-30 8
+12 12
fe=(7)
+19 24

fn=(432)
76 2
+10 1
fi=(138) ./elf/../sysdeps/generic/dl-hash.h
-41 1
-1 1
fe=(7)
+32 8
+11 1
-1 1
fi=(138)
-43 4
+5 3
+14 4
-17 3
+3 15
+14 20
-17 15
fe=(7)
+46 2
fi=(138)
-24 1
fe=(7)
+22 1
+2 2
fi=(138)
-19 1
fe=(7)
+19 1
cfn=(436)
calls=1 -30 
* 559
+1 3
-1 1
+1 1
cfn=(436)
calls=1 -31 
* 543
+1 3
-1 1
+1 1
cfn=(436)
calls=1 -32 
* 569
+1 3
-1 1
+1 1
cfn=(436)
calls=1 -33 
* 545
+5 1
+1 1
+1 1
+1 1
+1 8

fn=(12)
42 1
+1 2
+1 2
+1 2
+1 2
+1 1

fl=(61)
fn=(190)
25 3
+1 12
+1 3

fl=(78)
fn=(276) do_lookup_x
334 1120
+1 112
-1 448
+7 112
+11 112
+47 112
-47 112
fi=(80) ./elf/../sysdeps/generic/dl-protected.h
29 112
fe=(78)
399 112
fi=(80)
29 112
fe=(78)
399 336
-26 722
+4 722
+6 1083
+8 361
-4 361
+1 361
+3 1444
+1 722
+3 361
-3 361
+4 722
+7 361
-3 722
-2 361
+5 1083
+3 2527
+99 768
345 1083
+3 722
+4 734
505 3
345 2
+3 2
508 14
fi=(4)
139 210
+1 315
fe=(78)
463 210
fi=(80)
29 210
fe=(78)
470 812
+16 210
+1 105
+1 105
+21 896
-99 321
-1 214
+2 214
+2 107
+6 321
-6 107
+6 749
+7 414
-10 1215
+2 108
+1 324
-1 108
+1 216
-1 108
+1 216
-1 108
+1 108
+1 108
-1 216
+1 108
-1 540
cfn=(278) check_match
calls=108 70 
* 12331
+4 1059
+51 21
-17 4
-22 12

fn=(272)
759 672
+2 112
-2 336
+2 112
-2 448
fi=(79) ./elf/../sysdeps/generic/dl-new-hash.h
74 112
+3 224
-8 112
+1 224
+10 112
+1 224
-1 677
+1 1354
+20 740
-2 740
+6 740
-3 1480
+2 740
-30 740
+3 1480
fe=(78)
761 112
+4 112
-4 112
+8 430
+9 103
-7 103
+1 103
+6 206
-6 103
+6 430
-15 112
+15 112
-15 896
+15 35
+1 1680
cfn=(276)
calls=112 334 
* 40832
* 560
+28 112
-28 336
+28 112
-23 224
-5 105
+29 715
+35 945
+14 315
+3 210
-57 224
+76 1008
fi=(79)
87 49
+1 49
+1 98
+1 49
fe=(78)
778 9
-6 9
+6 18
-6 9
+6 18
-7 18
+37 8
+50 2
-72 42
+18 21
+63 28

fn=(278)
70 1620
+3 856
+13 530
+3 400
cfi=(32)
cfn=(92)
calls=47 +9 
* 2328
* 94
+4 106
+1 212
+4 208
+4 208
+1 832
+2 2
+44 972
-18 4
+2 4
+1 2
-1 4
+1 6
-1 4
-55 2
+26 309
cfi=(32)
cfn=(92)
calls=103 -6 
* 3410
* 206
-31 8
+5 4

fl=(43)
fn=(132)
40 18
+1 3
cfi=(22)
cfn=(60)
calls=3 +16 
* 87
* 3
fi=(225) ./string/../include/rtld-malloc.h
+15 6
cfi=(27)
cfn=(76)
calls=3 -20 
* 90
fe=(43)
-12 6
+3 9
+1 9
-1 3
cfi=(29)
cfn=(80)
calls=3 210 
* 41

fl=(211) ./elf/./elf/dl-fini.c
fn=(740) _dl_fini
26 5
+17 1
-17 6
+20 9
+3 2
cob=(2)
cfi=(212) ./nptl/./nptl/pthread_mutex_lock.c
cfn=(742) pthread_mutex_lock@@GLIBC_2.2.5
calls=1 +28 
* 44
+2 1
+3 2
+2 5
-10 4
+95 2
+13 8
-13 2
+2 1
-2 2
+6 2
-84 3
-2 1
+2 1
cfi=(47)
cfn=(462)
calls=1 -22 
* 11
+5 16
+6 1
-6 1
+4 1
+2 3
+2 8
+2 8
+2 8
+1 4
+1 4
+4 4
-12 12
+19 6
+1 4
+6 7
cfi=(13)
cfn=(228)
calls=1 298 
* 314
+9 2
cob=(2)
cfi=(213) ./nptl/./nptl/pthread_mutex_unlock.c
cfn=(744) pthread_mutex_unlock@@GLIBC_2.2.5
calls=1 367 
* 34
+5 7
+2 1
+2 2
-2 3
+2 6
+13 2
+4 3
cfi=(47)
cfn=(462)
calls=1 -94 
* 11
* 2
-15 20
cfi=(214)
cfn=(746)
calls=4 -96 
* 328
+3 8
cfi=(47)
cfn=(772) _dl_audit_objclose
calls=4 -26 
* 20
-9 8
+14 4
-14 17

fl=(15)
fn=(426)
76 1
-37 3
+37 2

fn=(34)
37 1
+2 3
+2 1
cfi=(16)
cfn=(36)
calls=1 751 
* 12270

fl=(63)
fn=(204)
61 12
+7 2
-4 6
+1 2
-1 14
cfi=(30)
cfn=(162)
calls=2 1914 
* 5101
* 2
+5 6

fn=(200)
143 4
+1 2
-1 1
+1 1
-1 2
+1 1
-1 1
+1 1
-1 4
+1 3
-1 1
+1 7
-8 1
+8 2
-8 1
-6 1
-2 1
+8 1
+8 1
-15 1
+1 1
+6 1
+24 4
-28 2
-2 1
+31 1
-33 2
+2 2
+30 2
-30 1
-1 4
+7 4
+24 3
+28 3
-6 1
+50 1
fi=(70) ./elf/../include/scratch_buffer.h
77 1
fe=(63)
+87 1
fi=(70)
-87 1
+1 1
fe=(63)
184 1
+48 3
-35 1
-4 1
+4 5
-4 3
+4 6
+11 12
-18 2
+18 4
417 8
+2 2
+3 2
-3 6
+3 2
-3 2
fi=(28)
56 2
cfi=(27)
cfn=(76)
calls=2 -20 
* 60
fe=(63)
423 6
fi=(28)
56 2
fe=(63)
423 2
+6 2
+1 12
cfi=(29)
cfn=(80)
calls=2 210 
* 22
+1 10
cfi=(29)
cfn=(80)
calls=2 210 
* 22
+3 2
+1 4
+4 12
188 6
442 9
-1 4
+1 8
183 5
+27 10
+5 2
+6 2
-5 2
-1 2
+2 4
+1 4
+3 6
+7 2
-9 2
-29 2
+38 2
-38 2
+38 2
-38 4
+32 112
+6 8
cfi=(30)
cfn=(202)
calls=2 * 
* 118
* 6
+4 4
-2 2
+2 4
cfi=(49)
cfn=(156)
calls=2 -24 
* 5277
+1 4
+9 2
+2 4
+5 10
+6 2
+2 2
-8 4
+3 2
+1 2
+1 2
+1 2
+4 2
-3 2
+3 6
+4 6
+1 3
-43 230
+7 4
+38 162
fi=(70)
85 3
fe=(63)
448 5
+1 1
+3 4
+11 5
fi=(28)
56 1
cfi=(27)
cfn=(76)
calls=1 -20 
* 30
fe=(63)
465 3
fi=(28)
56 1
fe=(63)
465 1
+5 3
+1 1
-1 2
+4 2
-2 1
+2 1
-2 2
+13 3
+5 3
-16 9
+11 3
-7 3
+7 3
-2 6
-5 1
+7 1
-2 2
+2 1
-11 1
+11 1
+5 1
-16 3
+21 3
+37 2
+15 2
-14 2
+20 1
-1 4
+1 4
-1 5
cfi=(13)
cfn=(228)
calls=1 298 
* 274
+5 1
+2 1
+1 1
+1 2
-2 1
+2 1
+7 3
+3 2
+3 8
198 25
+3 2
fi=(70)
-70 8
cfi=(69)
cfn=(224)
calls=2 30 
* 50
fe=(63)
+70 6
+4 4
547 4
cfi=(29)
cfn=(80)
calls=1 210 
* 11
* 3
-53 2
144 2

fl=(37)
fn=(106)
172 6
+3 1
-3 3
+3 1
-3 5
+2 1
cfi=(38)
cfn=(108)
calls=1 29 
* 28
+1 1
fi=(40) ./elf/./dl-hwcaps.h
43 1
fe=(37)
174 1
fi=(40)
45 2
+32 1
+1 1
+1 1
fe=(37)
-27 2
cfi=(39)
cfn=(112)
calls=1 -1 
* 22
* 2
fi=(40)
-9 1
+2 1
-2 1
+34 2
+1 2
+1 1
fe=(37)
-27 2
cfi=(39)
cfn=(112)
calls=1 -1 
* 206
* 2
+48 4
fi=(28)
-44 2
cfi=(27)
cfn=(76)
calls=1 -20 
* 30
fe=(37)
+46 2
-2 1
+2 1
+3 1
+3 1
fi=(40)
-65 1
+2 1
fe=(37)
+67 1
fi=(40)
-66 1
fe=(37)
+66 2
cfi=(39)
cfn=(118)
calls=1 -87 
* 13
* 2
fi=(40)
-69 1
+2 1
-2 1
+34 2
+1 2
+1 1
fe=(37)
+46 2
cfi=(39)
cfn=(112)
calls=1 -74 
* 206
* 2
+8 3
+9 3
+47 1
-4 2
+4 2
-3 1
+7 1
-7 2
+7 1
fi=(28)
56 1
cfi=(27)
cfn=(76)
calls=1 -20 
* 30
* 1
fe=(37)
194 2
+8 1
fi=(40)
43 1
fe=(37)
201 1
80 1
fi=(40)
-35 1
fe=(37)
+35 1
202 1
fi=(40)
77 1
+1 1
fe=(37)
202 3
fi=(40)
79 1
fe=(37)
-2 2
cfi=(39)
cfn=(112)
calls=1 -26 
* 22
* 2
fi=(40)
-34 1
+2 1
fe=(37)
+35 2
fi=(40)
-37 1
+34 2
+1 2
+1 1
fe=(37)
-2 2
cfi=(39)
cfn=(112)
calls=1 -26 
* 206
* 2
213 2
-5 1
+1 1
-1 1
+5 1
+3 9

fl=(65)
fn=(210)
146 2
-55 2
+70 3
+1 1

fl=(22)
fn=(60)
57 15
+44 15
+1 15
+1 15
+1 15
+1 15
+1 15
+1 15
+2 15
+2 15
+31 14
+1 14
+1 14
+1 14
+1 14
+1 8
+2 8
+4 6
+1 6
+1 6
+1 6
+1 6
+1 6
+1 6
+1 6
+1 6
+1 6
+1 6
+1 6
+5 48
+4 1
+1 14
+1 8

fl=(47)
fn=(462)
41 3
+4 12
+1 3
+1 15

fn=(524)
118 1
+1 4

fn=(196)
77 2
+1 8

fn=(148)
29 2
+2 1
-2 5
+1 1
+1 2
+6 6

fn=(772)
97 4
+1 16

fl=(26)
fn=(70)
59 45
+3 6
+18 4
+3 2
cfi=(22)
cfn=(60)
calls=2 -26 
* 52
+4 2
-4 2
+4 2
+5 2
-9 6
fi=(28)
-39 4
cfi=(27)
cfn=(72)
calls=2 +36 
* 183
fe=(26)
+39 1
fi=(28)
-39 2
cfi=(27)
cfn=(72)
calls=1 +36 
* 47
* 3
fe=(26)
+51 6
+5 3
+4 3
-6 3
+2 3
+4 3
-5 3
+4 3
+1 3
-1 3
+1 6
cfi=(29)
cfn=(80)
calls=3 210 
* 44
* 3
+15 3
-15 3
+2 3
+13 6
+6 1
+2 7
+3 2
-3 14
+3 4
+2 3
+4 3
+3 10
+2 12
-2 8
+2 8
-2 16
+16 6
-5 3
+5 3
-6 3
+6 3
-6 3
+6 6
+2 4
+3 4
-3 4
+7 8
+4 6
+8 1
+13 1
-10 2
+10 5
-10 4
+10 6
+2 2
cfi=(22)
cfn=(60)
calls=2 57 
* 70
+21 2
-21 6
+17 2
-13 6
+50 6
cfi=(29)
cfn=(136)
calls=2 -48 
* 34
* 2
+5 4
+1 4
-1 80
+1 80
+4 4
+1 2
+3 2
+4 27
131 6
-8 2
-4 4
+34 1
+7 4
+8 8
fi=(28)
56 4
cfi=(27)
cfn=(76)
calls=2 -20 
* 60
* 2
fe=(26)
200 4
-1 4
64 2
+2 3
+1 2
+4 6
+6 2

fn=(82)
31 12
+2 3
-2 6
+2 3
-2 9
+2 3
cfi=(24)
cfn=(84)
calls=3 +10 
* 9
+2 26
+3 20
+2 2
+2 2
+4 2
+4 2
-4 4
+1 4
+1 4
+3 10
-1 2
cfi=(24)
cfn=(84)
calls=2 -7 
* 6
-4 1
+4 1
-4 2
+1 2
+1 2
+3 5
-1 1
cfi=(24)
cfn=(84)
calls=1 -7 
* 3
-5 2

fl=(68)
fn=(220)
25 4
+1 8
+1 2

fl=(32)
fn=(240)
98 1
+27 1
+1 1
+1 1
+1 1
+1 1
+2 1
+1 1
+2 1
+1 1
+21 1
+1 1
+1 1
+1 1
+1 1
+1 1
+1 1
+1 1
+17 1
+1 1
+1 1
+1 1
+1 1
+1 1
+1 1
2104 1
+3 1
+1 1
+2 1
+1 1
+8 1
+1 1

fn=(92)
98 200
+33 200
+1 200
+2 200
+1 200
+21 200
+1 200
+1 170
+1 170
+1 154
+1 154
+1 154
+1 154
+17 154
+1 154
+1 154
+1 154
+1 154
+1 154
+1 154
+5 13
+1 39
+9 13
+1 13
+1 13
+1 13
+1 13
+1 13
+1 13
+1 13
-7 46
+1 46
+1 46
+1 46
+1 46
+1 46
+1 46
+1 46
+1 53
+1 31
+1 31
+1 31
+2 31
+1 31
+1 31
+1 31
+1 31
+1 31
-5 22
+1 22
+1 22
+1 22
+1 22
+1 22
+10 6
+1 6
+1 6
+2 6
+6 6
+1 6
+1 6
+1 6
+1 6
+5 6
+2 2
+1 2
+1 4
+8 2
+1 2
+3 2
+1 2
+1 2
+1 2
+1 2
+1 2
542 2
+1 2
+1 2
+1 2
+1 2
+2 2
+1 2
+1 2
+1 2
+1 2
+1 2
+1 2
+1 1
+4 1
+1 1
+1 1
+6 1
+1 1
+1 2
+4 1
+1 1
+3 1
+1 1
+1 1
+2 1
+1 1
+1 1
+4 1
+1 1
+1 1
+1 1
+1 1
+1 1
+69 1
+1 1
+1 1
+1 1
+1 1
+2 1
+1 1
+1 1
+1 1
+1 1
+1 1
+1 1
+1 1
+4 1
+1 1
+1 1
+6 1
+1 1
+1 2
+4 1
+1 1
+3 1
+1 1
+1 1
+2 1
+1 1
+1 1
+4 1
+1 1
+1 1
+1 1
+1 1
+1 1
+69 1
+1 1
+1 1
+1 1
+1 1
+2 1
+1 1
+1 1
+1 1
+1 1
+1 1
+1 1
899 3
+1 3
+1 3
+1 3
+1 3
+2 3
+1 3
+1 3
+1 3
+1 3
+1 3
+1 3
+1 3
+4 3
+1 3
+1 3
+6 3
+1 3
+1 6
+4 3
+1 3
+3 3
+1 3
+1 3
+2 3
+1 3
+1 3
+4 3
+1 3
+1 3
+1 3
+1 3
+1 3
+69 2
+1 2
+1 2
+1 2
+1 2
+2 2
+1 2
+1 2
+1 2
+1 2
+1 2
+1 2
+1 2
+4 2
+1 2
+1 2
+6 2
+1 2
+1 4
+4 2
+1 2
+3 2
+1 2
+1 2
+2 2
+1 2
+1 2
+4 2
+1 2
+1 2
+1 2
+1 2
+1 2
+69 4
+1 4
+1 4
+1 4
+1 4
+2 4
+1 4
+1 4
+1 4
+1 4
+1 4
+1 4
+1 3
+4 3
+1 3
+1 3
+6 3
+1 3
+1 6
+4 3
+1 3
+3 3
+1 3
+1 3
+2 3
+1 3
+1 3
+4 3
+1 3
+1 3
+1 3
+1 3
+1 3
+69 4
+1 4
+1 4
+1 4
+1 4
+2 4
+1 4
+1 4
+1 4
+1 4
+1 4
+1 4
+1 2
+4 2
+1 2
+1 2
+6 2
+1 2
+1 4
+4 2
+1 2
+3 2
+1 2
+1 2
+2 2
+1 2
+1 2
+4 2
+1 2
+1 2
+1 2
+1 2
+1 2
+69 2
+1 2
+1 2
+1 2
+1 2
+2 2
+1 2
+1 2
+1 2
+1 2
+1 2
+1 2
+1 1
+4 1
+1 1
+1 1
+6 1
+1 1
+1 2
+4 1
+1 1
+3 1
+1 1
+1 1
+2 1
+1 1
+1 1
+4 1
+1 1
+1 1
+1 1
+1 1
+1 1
+69 5
+1 5
+1 5
+1 5
+1 5
+2 5
+1 5
+1 5
+1 5
+1 5
+1 5
+1 5
+1 1
+4 1
+1 1
+1 1
+6 1
+1 1
+1 2
+4 1
+1 1
+3 1
+1 1
+1 1
+2 1
+1 1
+1 1
+4 1
+1 1
+1 1
+1 1
+1 1
+1 1
+69 2
+1 2
+1 2
+1 2
+1 2
+2 2
+1 2
+1 2
+1 2
+1 2
+1 2
+1 2
+1 1
+4 1
+1 1
+1 1
+6 1
+1 1
+1 2
+4 1
+1 1
+3 1
+1 1
+1 1
+2 1
+1 1
+1 1
+4 1
+1 1
+1 1
+1 1
+1 1
+1 1
+69 3
+1 3
+1 3
+1 3
+1 3
+2 3
+1 3
+1 3
+1 3
+1 3
+1 3
+1 3
+1 2
+4 2
+1 2
+1 2
+6 2
+1 2
+1 4
+4 2
+1 2
+3 2
+1 2
+1 2
+2 2
+1 2
+1 2
+4 2
+1 2
+1 2
+1 2
+1 2
+1 2
+69 3
+1 3
+1 3
+1 3
+1 3
+2 3
+1 3
+1 3
+1 3
+1 3
+1 3
+1 3
+1 2
+4 2
+1 2
+1 2
+6 2
+1 2
+1 4
+4 2
+1 2
+3 2
+1 2
+1 2
+2 2
+1 2
+1 2
+4 2
+1 2
+1 2
+1 2
+1 2
+1 2
+69 21
+1 21
+1 21
+1 21
+1 21
+2 21
+1 21
+1 21
+1 21
+1 21
+1 21
+1 21
+2 19
+4 19
+1 19
+1 19
+6 19
+1 19
+2 38
+4 19
+1 19
+3 19
+1 19
+1 19
+2 19
+1 19
+1 19
+4 19
+1 19
+1 19
+1 19
+1 19
+1 19
+7 1
+1 1
+2 1
+1 1
+2 1
+1 1
+1 1
+2 1
+1 1
+1 1
+4 1
+1 1
+1 1
+1 1
+1 1
+1 1
+43 40
+2 40
+1 40
+1 40
+1 40
-3 19
+1 19
+1 19
+1 19
+1 62
+5 31
+6 31
+1 31
+8 31
+1 31
-16 169
+6 169
+1 169
+8 169
+1 169

fl=(62)
fn=(198)
25 1
+2 7
+4 1

fl=(1) ???
fn=(0) 0x0000000000021700
0 2
cfi=(2)
cfn=(2)
calls=1 519 
0 144186
0 8
cfi=(76)
cfn=(472)
calls=1 331 
0 4
0 10
cfi=(149)
cfn=(476)
calls=1 81 
0 425
0 3
cob=(5)
cfi=(156)
cfn=(504)
calls=1 0 
0 44263

fl=(11)
fn=(28)
438 39
+3 78
-3 39
+3 312
+9 36
-9 72
+19 23
+7 236
+2 39
-19 16
+1 16
+9 6

fn=(58)
162 6
-89 6
+89 18
-89 48
+89 18
-89 12
+21 6
+1 6
-1 18
+1 24
fi=(12) ./elf/./elf/dl-tunables.h
+47 12
fe=(11)
-44 12
+3 6
fi=(12)
+50 6
fe=(11)
-50 6
+4 12
-22 6
+29 12
+1 12
+3 6
+50 6
-50 24
+1 6
+1 6
+1 6
+47 12
-65 30

fn=(22)
294 1
+6 3
-6 1
+10 2
-10 7
+10 2
-10 1
+10 28
+2 1
43 315
+6 62
-3 62
+3 5488
+4 124
+4 124
fi=(12)
160 62
fe=(11)
57 124
fi=(12)
161 150
-1 140
+1 212
fe=(11)
319 372
+1 186
+2 186
-3 2976
+1 1488
+2 1488
-5 1736
fi=(12)
160 583
+1 2332
-1 125
fe=(11)
340 5
+3 27
+3 27
+9 8

ob=(2)
fl=(157)
fn=(506)
242 13
+69 3
+1 3
cfi=(158) ./stdlib/./stdlib/cxa_atexit.c
cfn=(508) __cxa_atexit
calls=1 67 
* 72
+25 6
+6 2
-3 2
+10 2
cob=(3)
cfi=(146)
cfn=(522)
calls=1 0 
* 7
+2 2
+8 4
cfi=(159) ./csu/../sysdeps/nptl/libc_start_call_main.h
cfn=(526) (below main)
calls=1 29 
* 44081
128 2
+6 3
+1 6
cob=(3)
cfi=(146)
cfn=(512)
calls=1 0 
* 7
* 1
+3 1
+1 2
+3 2
+1 2
-1 1
+2 7
+1 4
cob=(5)
cfi=(156)
cfn=(516)
calls=1 0 
* 12
-1 4

fl=(96)
fn=(318)
29 2
fi=(97) ./string/../sysdeps/x86_64/multiarch/ifunc-memmove.h
+28 6
-1 4
+4 6
+14 4
+29 4
+5 8
fe=(96)

fl=(95)
fn=(316)
31 1
fi=(226) ./wcsmbs/../sysdeps/x86_64/multiarch/ifunc-wcs.h
+9 3
-1 4
fe=(95)
-8 1

fl=(100)
fn=(326)
65 1
-22 2
+1 1
-2 4
+17 4
+6 1

fl=(131)
fn=(404)
31 1
fi=(109) ./string/../sysdeps/x86_64/multiarch/ifunc-strcasecmp.h
+6 2
-1 4
+17 3
fe=(131)
-22 2

fl=(213)
fn=(744)
367 1
51 3
+1 2
367 3
57 2
+8 1
-3 1
-23 1
+1 4
+1 1
+29 1
+2 1
369 2
74 2
+6 4
+4 3
+3 2

fl=(208)
fn=(716)
98 2
+33 2
+1 2
+2 2
+1 2
+21 2
+1 2
+44 2
+1 2
+1 2
+1 2
+1 2
+1 2
+1 2
+1 2
+1 2
+5 2
+1 2
+1 2
+1 2
+1 2
+1 2
1137 2
+1 2
+1 2
+1 2
+1 2
+2 2
+1 2
+1 2
+1 2
+1 2
+1 2
+1 2
+1 1
+4 1
+1 1
+1 1
+6 1
+1 1
+1 2
+4 1
+1 1
+3 1
+1 1
+1 1
+2 1
+1 1
+1 1
+4 1
+1 1
+1 1
+1 1
+1 1
+1 1
2093 1
+2 1
+1 1
+1 1
+1 1
-3 1
+1 1
+1 1
+1 1
+6 2
+6 2
+1 2
+8 2
+1 2

fl=(142) ./ctype/./ctype/ctype-info.c
fn=(446) __ctype_init
29 1
+2 7
+2 4
+2 4
+1 1

fl=(162) ./setjmp/./setjmp/sigjmp.c
fn=(532) __sigjmp_save
28 6
+2 2
-1 1
+5 4

fl=(168) ./io/../sysdeps/unix/sysv/linux/fstat64.c
fn=(554) fstat
30 1
+9 4
+33 1

fl=(216) ./posix/./posix/register-atfork.c
fn=(758) __unregister_atfork
82 4
+1 4
-1 8
+1 4
fi=(217) ./posix/../malloc/dynarray-skeleton.c
243 2
fe=(216)
71 4
+38 8
+1 6

fl=(114)
fn=(354)
31 1
fi=(109)
+6 2
-1 4
+17 3
fe=(114)
-22 2

fl=(165) ./libio/./libio/fileops.c
fn=(552) _IO_file_stat
1148 1
+1 2
cfi=(168)
cfn=(554)
calls=1 30 
* 6

fn=(544) _IO_file_xsputn@@GLIBC_2.2.5
1199 91
+7 13
-7 26
+6 52
+9 26
-2 52
+17 3
+1 2
+5 2
+2 4
+2 2
-4 2
+2 2
+1 2
+1 2
-2 2
cob=(3)
cfi=(146)
cfn=(620)
calls=2 0 
* 30
-2 10
+2 20
+2 10
-4 10
+2 10
+1 10
+1 10
-2 10
cob=(3)
cfi=(146)
cfn=(620)
calls=10 0 
* 200
+2 12
-2 12
+4 24
+28 117
-55 12
+4 12
-4 12
+1 24
+30 11
fi=(178) ./libio/./libio/libioP.h
1036 33
+1 22
fe=(165)
1245 33
cfn=(546) _IO_file_overflow@@GLIBC_2.2.5
calls=11 733 
* 3564
* 22
+6 22
+1 44
+2 11
-2 11
+2 22
+11 22
+1 12
cfi=(166) ./libio/./libio/genops.c
cfn=(586) _IO_default_xsputn
calls=3 397 
* 5374
+2 9
-48 360
-2 246
-17 2
447 16
1222 10
+11 30
445 20

fn=(546)
733 856
+1 428
+7 533
+37 106
-2 212
+3 192
+3 288
+1 288
+1 384
+4 96
+1 576
-45 2
+12 2
+9 3
+5 3
+2 2
-5 1
+5 1
+1 1
-5 1
+1 1
+4 2
-7 1
+10 2
+13 11
-12 11
+1 11
+11 44
-12 11
cfn=(584) _IO_do_write@@GLIBC_2.2.5
calls=11 425 
* 1285
+9 10
-1 5
+1 5
-1 5
cfn=(584)
calls=5 425 
* 640
* 10
-12 2
+1 2
-28 2
cfi=(166)
cfn=(548) _IO_doallocbuf
calls=1 369 
* 1941
+1 1
+9 1
-9 5

fn=(584)
425 16
+2 48
+1 1
-3 45
fi=(178)
1036 15
fe=(165)
425 120
+10 30
+7 60
+8 15
fi=(178)
1036 30
+1 30
fe=(165)
450 60
cfn=(590) _IO_file_write@@GLIBC_2.2.5
calls=15 1175 
* 1035
* 15
+1 45
+2 15
+4 30
-3 30
-1 30
+4 30
-30 30
+28 15
-28 30
+1 120
+28 30

fn=(802) _IO_file_setbuf@@GLIBC_2.2.5
383 6
+1 1
cfi=(166)
cfn=(804) _IO_default_setbuf
calls=1 +94 
* 69
* 2
+3 1
+4 2
-2 3
+3 3

fn=(806) _IO_file_sync@@GLIBC_2.2.5
794 7
+5 4
+2 1
+1 2
+11 2
+4 5

fn=(590)
1175 120
+2 60
-1 30
+6 15
cfi=(176) ./io/../sysdeps/unix/sysv/linux/write.c
cfn=(592) write
calls=15 25 
* 465
+1 30
+5 15
+1 15
-12 30
+4 45
+1 30
+10 45
+3 90
-4 45

fl=(93)
fn=(310)
29 1
fi=(92) ./debug/../sysdeps/x86_64/multiarch/ifunc-memmove.h
+28 3
-1 2
+4 3
+14 2
+29 2
+5 4
fe=(93)

fl=(161) ./setjmp/../sysdeps/x86_64/setjmp.S
fn=(530) __sigsetjmp
31 1
+2 1
+9 1
+1 2
+1 1
+4 1
+1 1
+1 1
+1 1
+1 1
+2 2
+2 1
+1 1
+1 1
+2 2
+2 1
+5 1
+1 1
+17 1
cfi=(162)
cfn=(532)
calls=1 -57 
* 13

fl=(116)
fn=(360)
29 2
fi=(227) ./string/../sysdeps/x86_64/multiarch/ifunc-memcmp.h
+5 10
fe=(116)
-5 4

fl=(147) ./stdlib/../sysdeps/unix/sysv/linux/getrandom.c
fn=(456) __getrandom_early_init
238 8
+3 6
+37 6

fl=(104)
fn=(334)
30 1
fi=(228) ./wcsmbs/../sysdeps/x86_64/multiarch/ifunc-avx2.h
+10 3
-2 4
fe=(104)
-8 2

fl=(125)
fn=(388)
29 1
fi=(97)
+28 3
-1 2
+4 3
+14 2
+29 2
+5 4
fe=(125)

fl=(173) ./misc/./misc/sbrk.c
fn=(574) sbrk
37 16
+6 4
+35 7
-38 4
+18 4
+4 4
+4 4
+8 1
cfi=(174) ./misc/../sysdeps/unix/sysv/linux/brk.c
cfn=(576) brk
calls=1 -38 
* 9
* 2
+4 7
-19 2
cfi=(174)
cfn=(576)
calls=1 -23 
* 9
* 2
+4 2

fl=(164)
fn=(542)
57 24
+44 24
+1 24
+1 24
+1 24
+1 24
+1 24
+1 24
+2 24
+2 24
+31 24
+1 24
+1 24
+1 24
+1 24
+1 19
+2 19
+4 5
+1 5
+1 5
+1 5
+1 5
+1 5
+1 5
+1 5
+1 5
+1 5
+1 5
+1 5
+5 40

fl=(187)
fn=(654)
32 32
+1 32
+1 32
+1 32
+1 32
+1 32
+1 32
+1 32
+1 32
+1 32
+1 32
+1 32
+1 32
+1 32
+1 32
+1 32
+1 32
+1 32
+1 32
+2 32
+7 32

fl=(115)
fn=(358)
31 1
fi=(229) ./string/../sysdeps/x86_64/multiarch/ifunc-avx2.h
+9 3
-2 4
fe=(115)
-7 2

fl=(126)
fn=(392)
29 1
fi=(230) ./string/../sysdeps/x86_64/multiarch/ifunc-evex.h
+9 3
-1 4
fe=(126)
-8 1

fl=(207) ./stdio-common/./stdio-common/Xprintf_buffer_done.c
fn=(704) __printf_buffer_done
25 8
+1 24
+5 16
+2 88
+7 8

fl=(124)
fn=(384)
33 1
fi=(113) ./string/../sysdeps/x86_64/multiarch/ifunc-strcpy.h
+5 2
+1 1
-1 2
+16 4
fe=(124)
-21 1

fl=(128)
fn=(396)
31 1
fi=(226)
+9 3
-1 4
fi=(129) ./wcsmbs/../sysdeps/x86_64/multiarch/wcpncpy.c
-8 1
fe=(128)

fl=(188) ./stdio-common/./stdio-common/Xprintf_buffer_write.c
fn=(656) __printf_buffer_write
27 56
+1 168
-1 392
+4 224
+2 112
+3 56
fi=(198) ./stdio-common/../string/bits/string_fortified.h
-7 56
fe=(188)
+8 112
fi=(198)
-8 56
fe=(188)
+12 56
fi=(198)
-12 56
cob=(3)
cfi=(146)
cfn=(658)
calls=56 -29 
* 840
fe=(188)
+11 168
-9 112
+2 168
+11 336

fl=(110)
fn=(346)
29 1
fi=(231) ./string/../sysdeps/x86_64/multiarch/ifunc-sse4_2.h
+7 5
fe=(110)
-7 1

fl=(143) ./resource/../sysdeps/unix/sysv/linux/getrlimit64.c
fn=(448) getrlimit
38 2
+1 7
+1 1

fl=(81)
fn=(284)
86 1
fi=(82) ./string/../sysdeps/x86/cacheinfo.h
-24 1
+3 3
+2 1
+1 1
-1 2
+7 3
+2 1
+1 1
-1 2
+5 2
+3 2
+2 2
+1 2
+1 2
+2 2
fe=(81)
-4 2

fl=(155)
fn=(500)
64 1
+3 3
-1 2
+3 1
-1 1
-1 3
+2 2
-1 2
-1 6
+3 1

fl=(197) ./stdlib/./stdlib/cmp.c
fn=(678) __mpn_cmp
31 24
+4 48
+2 24
+1 24
+1 48
+8 120

fl=(219) ./posix/../sysdeps/unix/sysv/linux/_exit.c
fn=(808) _Exit
27 2
+3 2

fl=(141)
fn=(444)
34 8
+2 1
cfi=(142)
cfn=(446)
calls=1 -7 
* 17
+3 1
fi=(144) ./elf/../sysdeps/nptl/pthread_early_init.h
-6 2
fe=(141)
+6 1
+3 2
fi=(144)
-9 1
cfi=(143)
cfn=(448)
calls=1 +5 
* 10
* 3
+1 1
+4 5
+7 1
fi=(232) ./elf/../nptl/nptl-stack.h
+16 3
fi=(144)
-16 1
fi=(232)
+16 2
fi=(144)
-7 1
fi=(232)
+7 3
fi=(144)
-9 1
-6 1
+2 2
+4 4
+1 1
+3 1
cfi=(145) ./nptl/./nptl/pthread_mutex_conf.c
cfn=(452) __pthread_tunables_init
calls=1 -1 
* 103
fe=(141)
-9 2
cfi=(147)
cfn=(456)
calls=1 238 
* 20
+3 3
+2 2
-2 1
cfi=(148) ./nptl/../sysdeps/unix/sysv/linux/x86/elision-conf.c
cfn=(458) __lll_elision_init
calls=1 +42 
* 168

fl=(196) ./stdlib/../sysdeps/x86_64/lshift.S
fn=(676) __mpn_lshift
28 8
+1 8
+1 8
+2 8
+1 8
+1 8
+12 8
+1 8
+1 8
+1 8
+1 8
+1 8
+1 8
+6 8
+1 8
+1 8

fl=(199) ./stdlib/./stdlib/mul.c
fn=(682) __mpn_mul
48 272
+6 32
+12 32
+76 176
-71 16
+1 32
+69 16
-60 32
cfi=(200) ./stdlib/../sysdeps/x86_64/mul_1.S
cfn=(684) __mpn_mul_1
calls=16 -50 
* 528
* 32
+2 16
+1 16
+4 32

fl=(210) ./stdlib/./stdlib/cxa_thread_atexit_impl.c
fn=(738) __call_tls_dtors
148 4
+1 1
-1 1
+1 3
+16 4

fl=(209) ./stdlib/./stdlib/exit.c
fn=(736) __run_exit_handlers
45 12
+2 9
+3 2
+3 7
+11 1
+2 2
+8 3
+2 1
+1 1
-1 1
+3 7
+44 3
-49 3
+55 2
+1 2
+6 1
-66 1
+66 3
+2 2
+3 2
cfi=(219)
cfn=(808)
calls=1 27 
* 4
-29 1
+1 1
-2 1
+3 1
+3 1
-3 2
+3 3
+1 3
cob=(1)
cfi=(211)
cfn=(740)
calls=1 -92 
* 991
+1 4
+20 1
cfi=(166)
cfn=(792) _IO_cleanup
calls=1 874 
* 493
* 1
-88 1
cfi=(210)
cfn=(738)
calls=1 +97 
* 13
* 1

fn=(734) exit
147 2
+1 3
-1 1
+1 1
cfn=(736)
calls=1 45 
* 1587

fl=(84)
fn=(290)
29 1
fi=(231)
+7 5
fe=(84)
-7 1

fl=(120)
fn=(374)
29 2
fi=(229)
+11 6
-2 8
fe=(120)
-9 4

fl=(145)
fn=(452)
55 2
+1 2
-1 3
+1 5
cob=(3)
cfi=(146)
cfn=(454)
calls=1 -56 
* 26
+2 4
cob=(3)
cfi=(146)
cfn=(454)
calls=1 -58 
* 25
+2 4
cob=(3)
cfi=(146)
cfn=(454)
calls=1 -60 
* 26
+2 6

fl=(98)
fn=(322)
31 2
fi=(228)
+9 6
-2 8
fi=(99) ./wcsmbs/../sysdeps/x86_64/multiarch/wcschr.c
-7 4
fe=(98)

fn=(372)
31 1
fi=(226)
+9 3
-1 4
fe=(98)
-8 1

fl=(172) ./malloc/./malloc/morecore.c
fn=(572) __glibc_morecore
25 2
+1 4
-1 4
+4 2
cfi=(173)
cfn=(574)
calls=2 +8 
* 77
+1 4
+4 4

fl=(201) ./stdlib/../sysdeps/x86_64/rshift.S
fn=(686) __mpn_rshift
28 16
+1 16
+1 16
+1 16
+13 16
+1 16
+16 16
+1 16
+1 16
+1 16
+1 16
+1 16
+1 16
+5 16
+1 16
+1 16
+1 16
+1 16

fl=(218) ./nptl/./nptl/libc-cleanup.c
fn=(796) __libc_cleanup_push_defer
24 2
+1 2
+2 4
+2 4
+3 4
+14 6
+2 2
+1 2

fn=(798) __libc_cleanup_pop_restore
54 2
+3 4
+2 6
+1 6
+11 2

fl=(91)
fn=(306)
29 1
fi=(92)
+28 3
-1 2
+4 3
+14 2
+29 2
+5 4
fe=(91)

fl=(83)
fn=(288)
31 2
fi=(229)
+9 6
-2 8
fe=(83)
-7 4

fl=(106)
fn=(338)
31 2
fi=(233) ./wcsmbs/../sysdeps/x86_64/multiarch/ifunc-evex.h
+7 6
-1 8
fe=(106)
-6 2

fl=(174)
fn=(576)
36 2
fi=(234) ./misc/../sysdeps/unix/sysv/linux/brk_call.h
-12 4
fe=(174)
+13 4
+1 4
+6 2
+1 2

fl=(123)
fn=(380)
29 1
fi=(92)
+28 3
-1 2
+4 3
+14 2
+29 2
+5 4
fe=(123)

fl=(108)
fn=(342)
31 1
fi=(109)
+6 2
-1 4
+17 3
fe=(108)
-22 2

fl=(90)
fn=(302)
29 1
fi=(87) ./wcsmbs/../sysdeps/x86_64/multiarch/ifunc-wcslen.h
+12 2
-1 4
+17 4
fe=(90)
-28 1

fl=(118)
fn=(364)
29 2
fi=(113)
+9 4
+1 2
-1 4
+16 8
fe=(118)
-25 2

fl=(117)
fn=(362)
31 2
fi=(235) ./wcsmbs/../sysdeps/x86_64/multiarch/ifunc-wmemset.h
+5 10
fe=(117)
-5 2

fl=(202) ./nptl/./nptl/alloca_cutoff.c
fn=(688) __libc_alloca_cutoff
27 8
+1 72
+7 8

fl=(215)
fn=(756)
45 4
+3 4
-3 16
+3 10
+3 8
+4 14
-4 6
+57 8
+4 12
-4 6
+12 4
cfi=(216)
cfn=(758)
calls=2 -38 
* 40
+1 8
+1 16

fl=(105)
fn=(336)
31 1
fi=(236) ./string/../sysdeps/x86_64/multiarch/ifunc-strncpy.h
+4 5
fe=(105)
-4 1

fl=(193) ./stdio-common/./stdio-common/printf_fp.c
fn=(692) hack_digit
88 192
+3 48
-3 48
+3 96
+2 48
+2 96
-2 96
+8 96
+21 6
cfi=(200)
cfn=(684)
calls=2 -91 
* 42
+1 4
+1 10
+4 10
-23 288
cfi=(204) ./stdlib/./stdlib/divrem.c
cfn=(694) __mpn_divrem
calls=48 -59 
* 1886
+2 48
-2 48
+2 144
+3 48
-2 48
+2 48
+1 192
+1 92
-1 142
+11 2
+5 4
-9 46
-1 46
+11 230

fn=(672) __printf_fp_buffer_1.isra.0
138 144
+21 8
+18 8
+10 8
-28 56
+62 16
1030 88
226 24
+4 56
+36 8
+5 8
-49 8
+44 32
+1 8
+1 16
+3 104
+1 8
-1 8
+1 24
-1 8
+1 16
-1 8
+1 64
+1 8
-1 16
+1 104
+6 8
-6 16
+7 16
+17 8
+4 32
-4 16
+16 16
+11 8
-41 8
+10 8
+31 16
-30 40
+33 16
+41 8
+1 8
-1 8
+1 24
fi=(198)
29 8
cob=(3)
cfi=(146)
cfn=(658)
calls=8 -29 
* 104
fe=(193)
385 80
+18 16
-7 16
-2 16
+2 112
-2 80
+2 160
-74 192
-4 96
+4 392
-4 8
+4 32
+15 24
-13 48
+53 16
-2 96
cfi=(199)
cfn=(682)
calls=16 48 
* 1232
+5 32
+1 32
fi=(198)
29 16
fe=(193)
388 16
fi=(198)
29 8
cob=(3)
cfi=(146)
cfn=(658)
calls=8 -29 
* 104
fe=(193)
389 24
+1 24
+1 8
+3 8
-5 8
+1 8
+1 16
-1 8
+1 8
+5 24
+1 16
+6 16
+4 16
+4 8
-4 120
665 8
+9 16
-9 8
+9 24
+6 8
-6 8
+6 8
-4 16
+10 8
+6 8
-6 8
+52 16
+8 16
fi=(203) ./stdio-common/../sysdeps/pthread/allocalim.h
27 8
fe=(193)
746 16
fi=(203)
27 8
cfi=(202)
cfn=(688)
calls=8 * 
* 88
+2 16
fe=(193)
759 16
-67 8
+67 96
fi=(203)
29 8
fe=(193)
759 24
+1 16
+3 16
+3 32
+7 40
+2 16
-4 8
+4 8
+14 16
-2 8
+1 24
+1 8
+1 16
-1 16
+1 56
91 16
792 16
+2 16
91 32
+2 16
+2 32
-2 32
+8 32
+4 96
cfi=(204)
cfn=(694)
calls=16 -59 
* 592
+2 16
+4 16
-6 16
+2 48
+1 16
+2 32
+1 32
+1 32
-1 48
793 16
+1 32
+1 32
230 48
cfi=(195) ./stdlib/../sysdeps/ieee754/dbl-64/dbl2mpn.c
cfn=(674) __mpn_extract_double
calls=8 33 
* 176
* 32
+4 8
382 48
796 48
+9 32
+1 24
cfn=(692)
calls=8 88 
* 656
+2 16
-2 8
+2 40
+2 24
fi=(205) ./stdio-common/../sysdeps/generic/get-rounding-mode.h
94 8
+1 56
fe=(193)
935 8
-11 24
+7 16
+4 16
+45 24
+3 16
+8 16
-4 8
+4 8
+5 16
-9 16
+19 16
fi=(189) ./stdio-common/../include/printf_buffer.h
163 16
fe=(193)
1009 24
+13 32
cfi=(188)
cfn=(656)
calls=8 27 
* 424
+2 16
+4 16
117 16
+1 32
385 72
cfi=(197)
cfn=(678)
calls=24 31 
* 288
* 48
+3 16
988 8
-1 16
+9 24
fi=(189)
163 16
fe=(193)
1001 16
fi=(206) ./stdio-common/../include/rounding-mode.h
52 16
fe=(193)
766 104
+3 16
cfn=(692)
calls=8 88 
* 802
* 64
cfn=(692)
calls=32 88 
* 2646
* 40
-3 136
-78 8
+1 24
+12 8
-9 16
994 32
+2 24
308 8
-2 8
+2 8
-3 8
+3 32
-3 16
cfi=(196)
cfn=(676)
calls=8 28 
* 128
+4 16
-4 8
+4 56
+1 16
+1 40
810 24
407 8
+4 16
+2 16
694 8
+2 16
+42 16
-44 56
1003 16
477 16
-48 8
+1 8
-1 16
+1 16
+3 8
+1 24
+8 24
+31 8
-21 16
+19 8
-1 16
+1 8
-1 24
cfi=(201)
cfn=(686)
calls=8 28 
* 144
+4 24
-1 8
+1 24
cfi=(201)
cfn=(686)
calls=8 28 
* 144
+3 8
+1 40

fn=(668) __printf_fp_l_buffer
1099 112
+3 8
-3 32
+3 16
+13 16
+2 8
-2 8
cob=(3)
cfi=(146)
cfn=(540)
calls=8 0 
* 152
* 16
+1 40
+31 88
fi=(194) ./stdio-common/../include/../locale/localeinfo.h
331 16
fe=(193)
1111 8
fi=(194)
331 8
fe=(193)
1112 16
+5 16
+5 56
cfn=(672)
calls=8 138 
* 13832
+4 8

fl=(176)
fn=(592)
25 30
+1 60
-1 15
+1 45
cfi=(177) ./nptl/./nptl/cancellation.c
cfn=(594) __syscall_cancel
calls=15 +48 
* 285
+1 30

fl=(158)
fn=(508)
67 7
-26 2
+2 8
+1 2
cfn=(510) __new_exitfn
calls=1 +36 
* 33
+2 2
+8 1
-2 1
+3 1
+1 1
-4 2
+1 1
+4 4
+1 1
+11 6

fn=(510)
80 1
+6 2
-6 4
+11 2
-10 1
+10 4
+2 4
-2 1
+10 1
-10 3
+45 1
+5 3
-4 1
+4 2
-18 1
-1 1
+12 1

fl=(181)
fn=(618)
30 3
+1 3
+1 3
+1 3
+2 3
+2 2
+1 2
+3 2
+1 2
+1 2
+1 2
-3 3
+1 3
+1 3
+1 3
+1 5
+1 5
+1 5
+1 5
+3 9
+8 3
+1 3
+1 3
+1 3
+3 3
+1 2
+1 2
+1 2
+3 2
+2 2
+1 2
+3 2
+1 2
+1 2
+1 2
+3 2
+1 2
+1 2
+1 2
+3 2
+48 11
+1 11
+1 11
+1 9
+1 9
+1 9
+1 9
+1 8
+1 8
+1 8
+6 3
+2 3

fl=(191) ./stdio-common/./stdio-common/_itoa.c
fn=(664) _itoa_word
169 8
+3 32
+2 16
+9 272
+9 16

fl=(169)
fn=(722)
3437 11
+4 22
-4 66
+14 11
-14 11
+12 11
+4 11
-4 11
+4 22
+17 33
fi=(170) ./malloc/./malloc/arena.c
153 33
fe=(169)
4690 22
4558 44
+1 22
+4 44
3253 33
-1 22
+1 22
+9 33
+3 44
4699 8
cfn=(732) _int_free_chunk
calls=2 4574 
* 102
3479 11
+1 77
3165 9
+4 9
-4 9
+2 36
+1 9
+1 9
3271 9

fn=(570) _int_malloc
3904 143
1328 26
+19 78
3945 26
1796 13
3972 26
+65 22
-63 44
+3 11
+2 22
+56 4
+62 5
+1 3
+20 13
-1 13
-1 13
+1 26
+1 26
-2 24
+12 65
-90 12
+2 12
-2 12
+2 24
4545 156
3988 33
4315 39
+2 3
+3 1
-3 1
+3 2
+1 13
+71 26
-4 13
+1 13
+1 13
-1 13
+1 13
+1 26
+1 52
+5 52
4141 1
4037 6
4401 39
+3 52
-3 39
+3 48
-3 36
+3 44
-3 22
4501 13
+1 26
+2 26
+3 39
+17 3
+17 52
cfn=(578) alloc_perturb
calls=13 1987 
* 52
* 26
-29 12
-2 12
+2 12
-1 12
+1 72
-3 24
+5 24
+3 12
+1 12
2554 1
+12 1
-12 3
+12 1
+25 3
+1 1
-1 1
+1 1
+9 4
+9 3
2923 3
+1 1
+4 1
+4 5
+5 2
-2 1
+2 1
-3 1
+2 1
+4 1
-3 1
+1 1
-1 3
+1 1
4540 1
2555 2
2671 2
+8 2
+1 2
+13 3
+8 6
+8 2
+48 4
+40 1
-12 1
+12 2
+19 2
+3 1
+1 1
-1 1
+1 6
+2 1
+1 5
cfi=(172)
cfn=(572)
calls=1 25 
* 33
+12 4
-12 1
+12 1
2010 5
2878 1
-1 1
+1 4
+12 1
-11 1
+11 2
-68 1
-75 1
+1 2
+6 2
-6 1
+6 3
-43 4
cfi=(172)
cfn=(572)
calls=1 25 
* 64
+1 2
-1 1
+1 1
2010 5
2714 1
+3 2
+29 3

fn=(568) tcache_init.part.0
3307 4
+9 8
+1 3
cfn=(570)
calls=1 3904 
* 355
+1 2
+8 4
+9 1
fi=(175) ./malloc/../string/bits/string_fortified.h
59 2
fe=(169)
3335 1
fi=(175)
59 86
fe=(169)
3339 3

fn=(578)
1987 39
+2 13

fn=(732)
4574 24
1796 2
4582 4
+11 8
+2 6
1994 2
4614 2
1994 4
4616 2
+1 2
+4 4
+2 2
-2 2
+2 2
+4 4
+2 8
+1 2
+19 6
+30 16

fn=(558)
3385 96
+7 24
1328 22
+19 60
3359 24
+2 48
3215 22
+2 36
3432 72
3313 4
cfn=(568)
calls=1 -6 
* 469
-98 2
+1 3
3404 24
fi=(170)
264 1
cfn=(562) ptmalloc_init.part.0
calls=1 -2 
* 1153
fe=(169)
1328 2
3406 48
cfn=(570)
calls=12 3904 
* 1727
+1 60
fi=(170)
153 24
fe=(169)

fl=(148)
fn=(458)
92 2
+4 1
-4 3
+4 6
cob=(3)
cfi=(146)
cfn=(454)
calls=1 -96 
* 26
+2 4
cob=(3)
cfi=(146)
cfn=(454)
calls=1 -98 
* 26
+2 4
cob=(3)
cfi=(146)
cfn=(454)
calls=1 0 
* 26
+2 4
cob=(3)
cfi=(146)
cfn=(454)
calls=1 0 
* 26
+2 4
cob=(3)
cfi=(146)
cfn=(454)
calls=1 0 
* 26
+3 3
+1 1
+1 6

fl=(151)
fn=(490)
46 6
+5 2
+4 5
+8 1
-2 1
+10 1
-9 1
+1 1
+9 3
-1 1
cfi=(152) ./misc/./misc/init-misc.c
cfn=(492) __init_misc
calls=1 -41 
* 52

fl=(159)
fn=(526)
29 6
+15 4
cfi=(160) ./setjmp/../sysdeps/x86_64/bsd-_setjmp.S
cfn=(528) _setjmp
calls=1 -16 
* 38
* 1
+2 2
+5 2
+1 2
+3 2
+3 6
cob=(5)
cfi=(156)
cfn=(534)
calls=1 -58 
* 42422
+16 2
cfi=(209)
cfn=(734)
calls=1 +73 
* 1594

fl=(122)
fn=(378)
29 1
fi=(237) ./wcsmbs/../sysdeps/x86_64/multiarch/ifunc-memcmp.h
+5 5
fe=(122)
-5 2

fl=(186) ./stdio-common/./stdio-common/printf_buffer_to_file.c
fn=(648) __printf_buffer_to_file_switch
29 16
+1 64
+10 16
+1 16
-1 16
-5 16
+9 16
+1 16

fn=(702) __printf_buffer_to_file_done
117 8
+1 24
-1 8
-64 8
+64 48
-66 32
+2 24
+69 8
-1 8
+1 32
-1 8
cfi=(207)
cfn=(704)
calls=8 -96 
* 144
-56 16
cfn=(648)
calls=8 -36 
* 88
+1 8
-8 8
+1 8
fi=(238) ./stdio-common/../libio/libioP.h
1036 8
fe=(186)
58 8
+1 8
-1 8
fi=(238)
1036 16
+1 16
fe=(186)
59 16
cfi=(165)
cfn=(544)
calls=8 1199 
* 2080
* 16

fn=(646) __printf_buffer_to_file_init
108 8
+1 8
fi=(189)
+18 8
fe=(186)
-18 8
fi=(189)
+28 8
-9 8
+9 8
-13 8
fe=(186)
-13 8
fi=(189)
+13 8
fe=(186)
-12 8
cfn=(648)
calls=8 -83 
* 88

fl=(121)
fn=(376)
29 1
fi=(236)
+6 5
fe=(121)
-6 1

fl=(130)
fn=(400)
33 1
fi=(97)
+24 3
-1 2
+4 3
+14 2
+29 2
+5 4
fe=(130)

fl=(166)
fn=(586)
397 3
+3 6
-3 18
+2 3
-2 9
fi=(178)
1036 3
fe=(166)
397 9
+28 279
fi=(178)
1036 182
+1 182
fe=(166)
425 364
cfi=(165)
cfn=(546)
calls=91 733 
* 3549
* 182
+2 91
-2 91
-20 376
+25 3
-29 3
+29 21

fn=(794) _IO_flush_all
712 5
+5 1
-5 1
+5 1
-5 6
+5 4
cfi=(218)
cfn=(796)
calls=1 24 
* 13
+1 6
-5 1
fi=(178)
1036 2
fe=(166)
734 36
+1 3
-14 9
+2 3
+1 27
+2 21
+13 7
+1 2
cfi=(218)
cfn=(798)
calls=1 54 
* 10
+4 12
-20 9
-6 1
+3 1
-8 1
+5 1
+3 2

fn=(792)
874 6
-72 1
+72 6
+1 1
cfn=(794)
calls=1 712 
* 185
-73 2
+73 1
-73 3
cfi=(218)
cfn=(796)
calls=1 24 
* 13
+1 6
fi=(178)
1036 2
fe=(166)
824 9
+2 6
+20 3
+2 36
+1 3
-43 9
+4 3
+1 27
+8 6
+2 9
+7 4
+4 1
-2 1
+3 1
-3 1
+2 2
+5 1
fi=(178)
1036 2
+1 2
fe=(166)
837 4
cfi=(165)
cfn=(802)
calls=1 383 
* 87
+2 3
+9 2
+5 7
+1 2
cfi=(218)
cfn=(798)
calls=1 54 
* 10
+33 12
-76 9
-8 1
+3 1
-3 1
+3 2

fn=(588) __overflow
225 25
+2 15
+2 5
fi=(178)
1036 15
+1 10
fe=(166)
229 5
+1 10
-1 5
cfi=(165)
cfn=(546)
calls=5 733 
* 870

fn=(804)
478 8
fi=(178)
1036 1
fe=(166)
478 1
+1 1
-1 1
fi=(178)
1036 2
+1 2
fe=(166)
479 2
cfi=(165)
cfn=(806)
calls=1 794 
* 21
* 2
+4 1
356 1
488 1
-7 2
358 1
492 1
363 1
-4 1
+4 1
493 1
-1 3
+2 6
-11 1
+1 2
-1 1
356 4

fn=(548)
369 1
+1 2
-1 7
+3 3
+1 1
fi=(178)
1036 3
+1 2
fe=(166)
373 2
cfi=(167) ./libio/./libio/filedoalloc.c
cfn=(550) _IO_file_doallocate
calls=1 78 
* 1912
* 2
+3 6

fn=(582) _IO_setb
355 11
+1 4
+5 2
-3 1
+3 2
-2 1
+2 2
+3 6

fl=(107)
fn=(340)
67 1
-23 2
-1 4
+17 3
+7 2

fl=(119)
fn=(368)
31 1
fi=(109)
+6 2
-1 4
+17 3
fe=(119)
-22 2

fl=(152)
fn=(492)
30 1
+1 2
-1 4
+1 4
+2 3
cob=(3)
cfi=(146)
cfn=(494)
calls=1 -33 
* 26
+4 5
+1 3
+2 4

fl=(85)
fn=(292)
79 2
-31 4
+1 2
-2 8
+17 4
+9 8
+6 2

fl=(88)
fn=(298)
29 1
fi=(89) ./string/../sysdeps/x86_64/multiarch/ifunc-memset.h
+32 5
+3 3
-12 2
+28 2
+30 3
+1 3
fe=(88)
-82 1

fl=(163)
fn=(538)
33 50
+2 5
cob=(3)
cfi=(146)
cfn=(540)
calls=5 -35 
* 185
+1 5
-1 5
+1 15
-3 5
+6 16
+1 1
fi=(178)
1036 3
+1 2
fe=(163)
40 4
fi=(178)
1036 12
+1 8
fe=(163)
40 15
cfi=(165)
cfn=(544)
calls=5 1199 
* 8644
* 10
+1 20
+1 20
fi=(178)
990 10
+1 45
fe=(163)
46 40
-8 8
-2 50
+5 10
cfi=(166)
cfn=(588)
calls=5 225 
* 960
* 10

fl=(184)
fn=(642)
28 176
+4 8
+1 16
-1 8
+1 8
-1 16
+1 8
-1 16
+1 24
cfi=(185) ./stdio-common/./stdio-common/vfprintf-internal.c
cfn=(644) __vfprintf_internal
calls=8 1522 
* 24864
+4 40

fl=(86)
fn=(294)
30 1
fi=(87)
+11 2
-1 4
+17 4
fe=(86)
-27 1

fl=(153)
fn=(496)
45 1
+1 1
+1 1
+1 1
+2 1
+1 1
+2 1
+1 1
+1 1
+3 1
+1 1
+1 1
+1 1
+1 1
+1 1
+2 1
+1 1
+1 1
+1 1
+1 1
+1 1
+1 1
+1 1
+8 1

fl=(200)
fn=(684)
31 18
+1 18
+3 18
+1 18
+1 18
+1 18
+1 18
+2 18
+1 18
+2 18
+1 18
+1 18
+1 18
+1 2
+2 2
+1 2
+1 2
+1 2
+26 16
+1 16
+1 16
+1 16
+1 16
+1 16
+1 16
+1 16
+1 16
+26 16
+1 16
+1 16
+2 16
+1 16
+1 16
+1 16
+1 16
+1 16
+2 16
+3 16
-5 2
+2 2
+3 2

fl=(170)
fn=(562)
262 1
fi=(171) ./malloc/../sysdeps/unix/sysv/linux/not-cancel.h
100 3
fe=(170)
262 7
+5 1
fi=(171)
100 3
fi=(169)
3145 2
fe=(170)
292 2
+4 3
fi=(169)
1948 6
+3 1
-3 1
+3 2
-3 2
+3 126
-3 126
+3 252
-3 252
+11 1
fe=(170)
300 3
fi=(169)
1960 1
+2 1
fe=(170)
300 1
cob=(3)
cfi=(146)
cfn=(454)
calls=1 0 
* 25
+1 4
cob=(3)
cfi=(146)
cfn=(454)
calls=1 0 
* 26
+1 4
cob=(3)
cfi=(146)
cfn=(454)
calls=1 0 
* 25
+1 4
cob=(3)
cfi=(146)
cfn=(454)
calls=1 0 
* 25
+1 4
cob=(3)
cfi=(146)
cfn=(454)
calls=1 0 
* 26
+1 4
cob=(3)
cfi=(146)
cfn=(454)
calls=1 0 
* 25
+1 4
cob=(3)
cfi=(146)
cfn=(454)
calls=1 0 
* 25
+2 4
cob=(3)
cfi=(146)
cfn=(454)
calls=1 0 
* 25
+1 4
cob=(3)
cfi=(146)
cfn=(454)
calls=1 0 
* 25
+1 4
cob=(3)
cfi=(146)
cfn=(454)
calls=1 0 
* 25
+3 4
cob=(3)
cfi=(146)
cfn=(454)
calls=1 0 
* 25
+1 4
cob=(3)
cfi=(146)
cfn=(454)
calls=1 0 
* 25
+2 2
+10 8

fl=(182)
fn=(622)
43 12
+1 12
+1 12
+1 12
+17 12
+1 12
+3 10
+1 10
+1 10
+1 10
+2 2
+1 2
+1 2
+4 2
+1 2
+19 2
+1 2
+1 2
+1 2
+5 2
+2 2
+4 8
+1 8
+2 8
+1 8
+1 8
+1 8
+2 8
+4 8
+1 8

fn=(624)
56 80
+5 80
+2 80
+1 80
+3 24
+1 24
+1 24
+1 24
+2 24
+1 24
+1 24
+4 56
+1 56
+1 40
+1 40
+1 40
+1 40
+1 40
+1 40
+1 40
+12 16
+1 16
+1 16
+1 16
+2 8
+1 8
+2 8
+2 8
-2 8
+2 8

fl=(160)
fn=(528)
28 1
+2 1
+2 1
cfi=(161)
cfn=(530)
calls=1 -1 
* 35

fl=(177)
fn=(594)
74 90
-37 30
+1 30
+2 30
+39 45
+1 60

fl=(94)
fn=(314)
29 1
fi=(229)
+11 3
-2 4
fe=(94)
-9 2

fl=(167)
fn=(550)
78 7
+6 1
-6 3
+6 3
fi=(178)
1036 3
+1 2
fe=(167)
84 3
cfi=(165)
cfn=(552)
calls=1 1148 
* 9
* 2
+2 4
+11 4
+4 2
cob=(3)
cfi=(146)
cfn=(556)
calls=1 0 
* 1811
* 1
+1 2
+2 4
cfi=(166)
cfn=(582)
calls=1 355 
* 29
+1 1
+1 9
-15 1
fi=(239) ./libio/../include/sys/sysmacros.h
-44 6
fe=(167)
+44 1
-2 2
+5 2

fl=(133)
fn=(412)
37 7

fl=(112)
fn=(350)
29 1
fi=(113)
+9 2
+1 1
-1 2
+16 4
fe=(112)
-25 1

fl=(185)
fn=(650) __printf_buffer
600 88
fi=(192) ./stdio-common/./stdio-common/printf-parse.h
82 8
fe=(185)
600 16
fi=(192)
82 8
fe=(185)
600 16
+27 24
+11 8
-11 8
+11 8
-11 8
+11 16
fi=(192)
82 8
cob=(3)
cfi=(146)
cfn=(652)
calls=8 -82 
* 184
fe=(185)
653 16
+1 8
fi=(192)
82 16
fe=(185)
654 8
-1 8
cfi=(188)
cfn=(656)
calls=8 27 
* 424
+2 24
+4 16
+4 64
-32 24
+11 8
-8 24
+71 96
1044 88
705 48
-13 24
+7 24
+6 48
-14 24
-4 24
+18 24
-10 24
+10 24
-7 24
-4 24
+11 48
-19 24
-1 24
+20 24
-12 24
-9 24
-1 24
+22 24
-15 48
891 16
+82 24
+3 280
+20 96
+1 8
263 8
+1 8
997 8
744 8
264 16
744 8
263 16
1024 24
fi=(192)
82 24
fe=(185)
1018 24
fi=(192)
82 48
cob=(3)
cfi=(146)
cfn=(652)
calls=24 -82 
* 552
fe=(185)
1028 48
+1 24
fi=(192)
82 24
fe=(185)
1029 24
-1 24
cfi=(188)
cfn=(656)
calls=24 27 
* 1264
+3 96
fi=(190) ./stdio-common/./stdio-common/vfprintf-process-arg.c
501 32
cfi=(188)
cfn=(656)
calls=8 27 
* 424
+1 8
-80 32
+8 16
+25 24
136 16
+19 88
cfi=(191)
cfn=(664)
calls=8 +14 
* 344
+9 8
-3 8
-6 8
+6 8
+3 8
+6 16
-9 8
+3 8
-3 8
+9 8
-9 24
+36 24
-42 8
+15 8
-32 8
+32 8
-15 8
+15 16
67 8
fe=(185)
784 16
fi=(190)
48 16
-13 8
+22 8
+1 8
-1 8
+1 16
-1 8
+3 16
fe=(185)
814 8
-1 8
+1 16
+26 24
+15 112
fi=(189)
149 8
fi=(190)
403 72
+5 16
+14 24
236 16
-49 16
-1 16
+1 32
+53 32
cfi=(188)
cfn=(656)
calls=8 27 
* 432
* 8
-45 16
-21 8
+25 8
-4 32
+4 24
+2 24
+7 48
fe=(185)
+58 8
cfi=(193)
cfn=(668)
calls=8 1099 
* 14456
1001 8
fi=(190)
211 8
+19 8
-19 8
fi=(189)
-48 32
fi=(190)
50 16
+2 16
+1 64
435 16
cob=(3)
cfi=(146)
cfn=(540)
calls=8 0 
* 152
* 16
fi=(192)
55 8
+10 16
-10 40
fe=(185)

fn=(644)
1522 96
+3 8
-3 24
+3 16
+4 40
+11 16
+27 88
-42 16
+18 32
cfi=(186)
cfn=(646)
calls=8 108 
* 176
+1 40
cfn=(650)
calls=8 600 
* 21632
+1 16
cfi=(186)
cfn=(702)
calls=8 117 
* 2656
* 8

fl=(127)
fn=(394)
29 1
fi=(231)
+7 5
fe=(127)
-7 1

fl=(195)
fn=(674)
33 8
+2 8
-2 16
+4 24
+1 40
+9 16
+9 8
-9 8
+9 16
+47 8
+4 8
-4 8
+4 8

fl=(154)
fn=(498)
545 1
+1 4
+1 3
+1 3
+2 1

fl=(101)
fn=(328)
29 1
fi=(102) ./debug/../sysdeps/x86_64/multiarch/ifunc-memset.h
+32 5
+3 3
-12 2
+28 2
+30 3
+1 3
fe=(101)
-82 1

fl=(204)
fn=(694)
46 896
+3 128
234 576
62 64
+1 64
-16 64
+18 128
+7 232
+1 10
-1 20
+1 20
-1 20
+4 128
+3 64
+2 64

fl=(103)
fn=(332)
28 1
fi=(229)
+12 3
-2 4
fe=(103)
-10 2

fl=(212)
fn=(742)
77 1
+3 3
+2 1
+2 2
-7 4
+11 2
+91 1
+3 1
+2 1
+3 1
-63 1
+66 3
-93 2
+11 4
+4 1
+3 2
-71 1
+1 7
+1 1
+84 3
+1 2

fl=(111)
fn=(348)
60 1
-17 2
-1 4
+12 4
+6 1

ob=(4)
fl=(150)
fn=(784) 0x0000000000001060
0 5

fn=(774)
0 9
cob=(3)
cfi=(146)
cfn=(780)
calls=1 0 
0 80
0 1
cfn=(784)
calls=1 0 
0 5
0 3

fn=(484)
0 12

totals: 188901
